C:\Program Files\Microsoft Visual Studio\2022\Community\MSBuild\Microsoft\VC\v170\Microsoft.CppBuild.targets(517,5): warning MSB8004: Output Directory does not end with a trailing slash.  This build instance will add the slash as it is required to allow proper evaluation of the Output Directory.
  pasterx.cpp
C:\Users\Paysonism\Downloads\PasterX updated\KURWA BOBER SUKA 1337\reverse\pasterx.h(141,28): warning C4244: 'return': conversion from 'double' to 'float', possible loss of data
C:\Users\Paysonism\Downloads\PasterX updated\KURWA BOBER SUKA 1337\reverse\pasterx.h(146,31): warning C4244: 'argument': conversion from 'double' to 'float', possible loss of data
C:\Users\Paysonism\Downloads\PasterX updated\KURWA BOBER SUKA 1337\reverse\pasterx.h(146,52): warning C4244: 'argument': conversion from 'double' to 'float', possible loss of data
C:\Users\Paysonism\Downloads\PasterX updated\KURWA BOBER SUKA 1337\reverse\pasterx.h(146,73): warning C4244: 'argument': conversion from 'double' to 'float', possible loss of data
C:\Users\Paysonism\Downloads\PasterX updated\KURWA BOBER SUKA 1337\reverse\pasterx.h(151,38): warning C4244: 'argument': conversion from 'double' to 'float', possible loss of data
C:\Users\Paysonism\Downloads\PasterX updated\KURWA BOBER SUKA 1337\reverse\pasterx.h(151,29): warning C4244: 'argument': conversion from 'double' to 'float', possible loss of data
C:\Users\Paysonism\Downloads\PasterX updated\KURWA BOBER SUKA 1337\reverse\pasterx.h(151,20): warning C4244: 'argument': conversion from 'double' to 'float', possible loss of data
C:\Users\Paysonism\Downloads\PasterX updated\KURWA BOBER SUKA 1337\reverse\pasterx.h(156,38): warning C4244: 'argument': conversion from 'double' to 'float', possible loss of data
C:\Users\Paysonism\Downloads\PasterX updated\KURWA BOBER SUKA 1337\reverse\pasterx.h(156,29): warning C4244: 'argument': conversion from 'double' to 'float', possible loss of data
C:\Users\Paysonism\Downloads\PasterX updated\KURWA BOBER SUKA 1337\reverse\pasterx.h(156,20): warning C4244: 'argument': conversion from 'double' to 'float', possible loss of data
C:\Users\Paysonism\Downloads\PasterX updated\KURWA BOBER SUKA 1337\reverse\pasterx.h(160,44): warning C4244: 'argument': conversion from 'double' to 'float', possible loss of data
C:\Users\Paysonism\Downloads\PasterX updated\KURWA BOBER SUKA 1337\reverse\pasterx.h(160,32): warning C4244: 'argument': conversion from 'double' to 'float', possible loss of data
C:\Users\Paysonism\Downloads\PasterX updated\KURWA BOBER SUKA 1337\reverse\pasterx.h(160,20): warning C4244: 'argument': conversion from 'double' to 'float', possible loss of data
C:\Users\Paysonism\Downloads\PasterX updated\KURWA BOBER SUKA 1337\reverse\pasterx.h(180,22): warning C4244: '=': conversion from 'double' to 'float', possible loss of data
C:\Users\Paysonism\Downloads\PasterX updated\KURWA BOBER SUKA 1337\reverse\pasterx.h(181,22): warning C4244: '=': conversion from 'double' to 'float', possible loss of data
C:\Users\Paysonism\Downloads\PasterX updated\KURWA BOBER SUKA 1337\reverse\pasterx.h(182,22): warning C4244: '=': conversion from 'double' to 'float', possible loss of data
C:\Users\Paysonism\Downloads\PasterX updated\KURWA BOBER SUKA 1337\reverse\pasterx.h(184,12): warning C4244: 'initializing': conversion from 'double' to 'float', possible loss of data
C:\Users\Paysonism\Downloads\PasterX updated\KURWA BOBER SUKA 1337\reverse\pasterx.h(185,12): warning C4244: 'initializing': conversion from 'double' to 'float', possible loss of data
C:\Users\Paysonism\Downloads\PasterX updated\KURWA BOBER SUKA 1337\reverse\pasterx.h(186,12): warning C4244: 'initializing': conversion from 'double' to 'float', possible loss of data
C:\Users\Paysonism\Downloads\PasterX updated\KURWA BOBER SUKA 1337\reverse\pasterx.h(188,13): warning C4244: 'initializing': conversion from 'double' to 'float', possible loss of data
C:\Users\Paysonism\Downloads\PasterX updated\KURWA BOBER SUKA 1337\reverse\pasterx.h(189,13): warning C4244: 'initializing': conversion from 'double' to 'float', possible loss of data
C:\Users\Paysonism\Downloads\PasterX updated\KURWA BOBER SUKA 1337\reverse\pasterx.h(190,13): warning C4244: 'initializing': conversion from 'double' to 'float', possible loss of data
C:\Users\Paysonism\Downloads\PasterX updated\KURWA BOBER SUKA 1337\reverse\pasterx.h(191,32): warning C4244: '=': conversion from 'double' to 'float', possible loss of data
C:\Users\Paysonism\Downloads\PasterX updated\KURWA BOBER SUKA 1337\reverse\pasterx.h(192,32): warning C4244: '=': conversion from 'double' to 'float', possible loss of data
C:\Users\Paysonism\Downloads\PasterX updated\KURWA BOBER SUKA 1337\reverse\pasterx.h(193,32): warning C4244: '=': conversion from 'double' to 'float', possible loss of data
C:\Users\Paysonism\Downloads\PasterX updated\KURWA BOBER SUKA 1337\reverse\pasterx.h(195,13): warning C4244: 'initializing': conversion from 'double' to 'float', possible loss of data
C:\Users\Paysonism\Downloads\PasterX updated\KURWA BOBER SUKA 1337\reverse\pasterx.h(196,13): warning C4244: 'initializing': conversion from 'double' to 'float', possible loss of data
C:\Users\Paysonism\Downloads\PasterX updated\KURWA BOBER SUKA 1337\reverse\pasterx.h(197,23): warning C4244: '=': conversion from 'double' to 'float', possible loss of data
C:\Users\Paysonism\Downloads\PasterX updated\KURWA BOBER SUKA 1337\reverse\pasterx.h(198,23): warning C4244: '=': conversion from 'double' to 'float', possible loss of data
C:\Users\Paysonism\Downloads\PasterX updated\KURWA BOBER SUKA 1337\reverse\pasterx.h(200,13): warning C4244: 'initializing': conversion from 'double' to 'float', possible loss of data
C:\Users\Paysonism\Downloads\PasterX updated\KURWA BOBER SUKA 1337\reverse\pasterx.h(201,13): warning C4244: 'initializing': conversion from 'double' to 'float', possible loss of data
C:\Users\Paysonism\Downloads\PasterX updated\KURWA BOBER SUKA 1337\reverse\pasterx.h(202,23): warning C4244: '=': conversion from 'double' to 'float', possible loss of data
C:\Users\Paysonism\Downloads\PasterX updated\KURWA BOBER SUKA 1337\reverse\pasterx.h(203,23): warning C4244: '=': conversion from 'double' to 'float', possible loss of data
C:\Users\Paysonism\Downloads\PasterX updated\KURWA BOBER SUKA 1337\reverse\pasterx.h(205,13): warning C4244: 'initializing': conversion from 'double' to 'float', possible loss of data
C:\Users\Paysonism\Downloads\PasterX updated\KURWA BOBER SUKA 1337\reverse\pasterx.h(206,13): warning C4244: 'initializing': conversion from 'double' to 'float', possible loss of data
C:\Users\Paysonism\Downloads\PasterX updated\KURWA BOBER SUKA 1337\reverse\pasterx.h(207,23): warning C4244: '=': conversion from 'double' to 'float', possible loss of data
C:\Users\Paysonism\Downloads\PasterX updated\KURWA BOBER SUKA 1337\reverse\pasterx.h(208,23): warning C4244: '=': conversion from 'double' to 'float', possible loss of data
C:\Users\Paysonism\Downloads\PasterX updated\KURWA BOBER SUKA 1337\reverse\pasterx.h(249,58): warning C4267: 'argument': conversion from 'size_t' to 'int', possible loss of data
C:\Program Files (x86)\Windows Kits\10\Include\10.0.22000.0\shared\ntstatus.h(66,1): warning C4005: 'STATUS_WAIT_0': macro redefinition
C:\Program Files (x86)\Windows Kits\10\Include\10.0.22000.0\um\winnt.h(2549,1): message : see previous definition of 'STATUS_WAIT_0'
C:\Program Files (x86)\Windows Kits\10\Include\10.0.22000.0\shared\ntstatus.h(223,1): warning C4005: 'STATUS_ABANDONED_WAIT_0': macro redefinition
C:\Program Files (x86)\Windows Kits\10\Include\10.0.22000.0\um\winnt.h(2550,1): message : see previous definition of 'STATUS_ABANDONED_WAIT_0'
C:\Program Files (x86)\Windows Kits\10\Include\10.0.22000.0\shared\ntstatus.h(246,1): warning C4005: 'STATUS_USER_APC': macro redefinition
C:\Program Files (x86)\Windows Kits\10\Include\10.0.22000.0\um\winnt.h(2551,1): message : see previous definition of 'STATUS_USER_APC'
C:\Program Files (x86)\Windows Kits\10\Include\10.0.22000.0\shared\ntstatus.h(282,1): warning C4005: 'STATUS_TIMEOUT': macro redefinition
C:\Program Files (x86)\Windows Kits\10\Include\10.0.22000.0\um\winnt.h(2552,1): message : see previous definition of 'STATUS_TIMEOUT'
C:\Program Files (x86)\Windows Kits\10\Include\10.0.22000.0\shared\ntstatus.h(291,1): warning C4005: 'STATUS_PENDING': macro redefinition
C:\Program Files (x86)\Windows Kits\10\Include\10.0.22000.0\um\winnt.h(2553,1): message : see previous definition of 'STATUS_PENDING'
C:\Program Files (x86)\Windows Kits\10\Include\10.0.22000.0\shared\ntstatus.h(738,1): warning C4005: 'DBG_EXCEPTION_HANDLED': macro redefinition
C:\Program Files (x86)\Windows Kits\10\Include\10.0.22000.0\um\winnt.h(2554,1): message : see previous definition of 'DBG_EXCEPTION_HANDLED'
C:\Program Files (x86)\Windows Kits\10\Include\10.0.22000.0\shared\ntstatus.h(747,1): warning C4005: 'DBG_CONTINUE': macro redefinition
C:\Program Files (x86)\Windows Kits\10\Include\10.0.22000.0\um\winnt.h(2555,1): message : see previous definition of 'DBG_CONTINUE'
C:\Program Files (x86)\Windows Kits\10\Include\10.0.22000.0\shared\ntstatus.h(822,1): warning C4005: 'STATUS_SEGMENT_NOTIFICATION': macro redefinition
C:\Program Files (x86)\Windows Kits\10\Include\10.0.22000.0\um\winnt.h(2556,1): message : see previous definition of 'STATUS_SEGMENT_NOTIFICATION'
C:\Program Files (x86)\Windows Kits\10\Include\10.0.22000.0\shared\ntstatus.h(985,1): warning C4005: 'STATUS_FATAL_APP_EXIT': macro redefinition
C:\Program Files (x86)\Windows Kits\10\Include\10.0.22000.0\um\winnt.h(2557,1): message : see previous definition of 'STATUS_FATAL_APP_EXIT'
C:\Program Files (x86)\Windows Kits\10\Include\10.0.22000.0\shared\ntstatus.h(1323,1): warning C4005: 'DBG_REPLY_LATER': macro redefinition
C:\Program Files (x86)\Windows Kits\10\Include\10.0.22000.0\um\winnt.h(2558,1): message : see previous definition of 'DBG_REPLY_LATER'
C:\Program Files (x86)\Windows Kits\10\Include\10.0.22000.0\shared\ntstatus.h(1341,1): warning C4005: 'DBG_TERMINATE_THREAD': macro redefinition
C:\Program Files (x86)\Windows Kits\10\Include\10.0.22000.0\um\winnt.h(2559,1): message : see previous definition of 'DBG_TERMINATE_THREAD'
C:\Program Files (x86)\Windows Kits\10\Include\10.0.22000.0\shared\ntstatus.h(1350,1): warning C4005: 'DBG_TERMINATE_PROCESS': macro redefinition
C:\Program Files (x86)\Windows Kits\10\Include\10.0.22000.0\um\winnt.h(2560,1): message : see previous definition of 'DBG_TERMINATE_PROCESS'
C:\Program Files (x86)\Windows Kits\10\Include\10.0.22000.0\shared\ntstatus.h(1359,1): warning C4005: 'DBG_CONTROL_C': macro redefinition
C:\Program Files (x86)\Windows Kits\10\Include\10.0.22000.0\um\winnt.h(2561,1): message : see previous definition of 'DBG_CONTROL_C'
C:\Program Files (x86)\Windows Kits\10\Include\10.0.22000.0\shared\ntstatus.h(1368,1): warning C4005: 'DBG_PRINTEXCEPTION_C': macro redefinition
C:\Program Files (x86)\Windows Kits\10\Include\10.0.22000.0\um\winnt.h(2562,1): message : see previous definition of 'DBG_PRINTEXCEPTION_C'
C:\Program Files (x86)\Windows Kits\10\Include\10.0.22000.0\shared\ntstatus.h(1377,1): warning C4005: 'DBG_RIPEXCEPTION': macro redefinition
C:\Program Files (x86)\Windows Kits\10\Include\10.0.22000.0\um\winnt.h(2563,1): message : see previous definition of 'DBG_RIPEXCEPTION'
C:\Program Files (x86)\Windows Kits\10\Include\10.0.22000.0\shared\ntstatus.h(1386,1): warning C4005: 'DBG_CONTROL_BREAK': macro redefinition
C:\Program Files (x86)\Windows Kits\10\Include\10.0.22000.0\um\winnt.h(2564,1): message : see previous definition of 'DBG_CONTROL_BREAK'
C:\Program Files (x86)\Windows Kits\10\Include\10.0.22000.0\shared\ntstatus.h(1395,1): warning C4005: 'DBG_COMMAND_EXCEPTION': macro redefinition
C:\Program Files (x86)\Windows Kits\10\Include\10.0.22000.0\um\winnt.h(2565,1): message : see previous definition of 'DBG_COMMAND_EXCEPTION'
C:\Program Files (x86)\Windows Kits\10\Include\10.0.22000.0\shared\ntstatus.h(1404,1): warning C4005: 'DBG_PRINTEXCEPTION_WIDE_C': macro redefinition
C:\Program Files (x86)\Windows Kits\10\Include\10.0.22000.0\um\winnt.h(2566,1): message : see previous definition of 'DBG_PRINTEXCEPTION_WIDE_C'
C:\Program Files (x86)\Windows Kits\10\Include\10.0.22000.0\shared\ntstatus.h(1436,1): warning C4005: 'STATUS_GUARD_PAGE_VIOLATION': macro redefinition
C:\Program Files (x86)\Windows Kits\10\Include\10.0.22000.0\um\winnt.h(2567,1): message : see previous definition of 'STATUS_GUARD_PAGE_VIOLATION'
C:\Program Files (x86)\Windows Kits\10\Include\10.0.22000.0\shared\ntstatus.h(1447,1): warning C4005: 'STATUS_DATATYPE_MISALIGNMENT': macro redefinition
C:\Program Files (x86)\Windows Kits\10\Include\10.0.22000.0\um\winnt.h(2568,1): message : see previous definition of 'STATUS_DATATYPE_MISALIGNMENT'
C:\Program Files (x86)\Windows Kits\10\Include\10.0.22000.0\shared\ntstatus.h(1458,1): warning C4005: 'STATUS_BREAKPOINT': macro redefinition
C:\Program Files (x86)\Windows Kits\10\Include\10.0.22000.0\um\winnt.h(2569,1): message : see previous definition of 'STATUS_BREAKPOINT'
C:\Program Files (x86)\Windows Kits\10\Include\10.0.22000.0\shared\ntstatus.h(1469,1): warning C4005: 'STATUS_SINGLE_STEP': macro redefinition
C:\Program Files (x86)\Windows Kits\10\Include\10.0.22000.0\um\winnt.h(2570,1): message : see previous definition of 'STATUS_SINGLE_STEP'
C:\Program Files (x86)\Windows Kits\10\Include\10.0.22000.0\shared\ntstatus.h(1772,1): warning C4005: 'STATUS_LONGJUMP': macro redefinition
C:\Program Files (x86)\Windows Kits\10\Include\10.0.22000.0\um\winnt.h(2571,1): message : see previous definition of 'STATUS_LONGJUMP'
C:\Program Files (x86)\Windows Kits\10\Include\10.0.22000.0\shared\ntstatus.h(1799,1): warning C4005: 'STATUS_UNWIND_CONSOLIDATE': macro redefinition
C:\Program Files (x86)\Windows Kits\10\Include\10.0.22000.0\um\winnt.h(2572,1): message : see previous definition of 'STATUS_UNWIND_CONSOLIDATE'
C:\Program Files (x86)\Windows Kits\10\Include\10.0.22000.0\shared\ntstatus.h(1914,1): warning C4005: 'DBG_EXCEPTION_NOT_HANDLED': macro redefinition
C:\Program Files (x86)\Windows Kits\10\Include\10.0.22000.0\um\winnt.h(2573,1): message : see previous definition of 'DBG_EXCEPTION_NOT_HANDLED'
C:\Program Files (x86)\Windows Kits\10\Include\10.0.22000.0\shared\ntstatus.h(2060,1): warning C4005: 'STATUS_ACCESS_VIOLATION': macro redefinition
C:\Program Files (x86)\Windows Kits\10\Include\10.0.22000.0\um\winnt.h(2574,1): message : see previous definition of 'STATUS_ACCESS_VIOLATION'
C:\Program Files (x86)\Windows Kits\10\Include\10.0.22000.0\shared\ntstatus.h(2069,1): warning C4005: 'STATUS_IN_PAGE_ERROR': macro redefinition
C:\Program Files (x86)\Windows Kits\10\Include\10.0.22000.0\um\winnt.h(2575,1): message : see previous definition of 'STATUS_IN_PAGE_ERROR'
C:\Program Files (x86)\Windows Kits\10\Include\10.0.22000.0\shared\ntstatus.h(2087,1): warning C4005: 'STATUS_INVALID_HANDLE': macro redefinition
C:\Program Files (x86)\Windows Kits\10\Include\10.0.22000.0\um\winnt.h(2576,1): message : see previous definition of 'STATUS_INVALID_HANDLE'
C:\Program Files (x86)\Windows Kits\10\Include\10.0.22000.0\shared\ntstatus.h(2132,1): warning C4005: 'STATUS_INVALID_PARAMETER': macro redefinition
C:\Program Files (x86)\Windows Kits\10\Include\10.0.22000.0\um\winnt.h(2577,1): message : see previous definition of 'STATUS_INVALID_PARAMETER'
C:\Program Files (x86)\Windows Kits\10\Include\10.0.22000.0\shared\ntstatus.h(2232,1): warning C4005: 'STATUS_NO_MEMORY': macro redefinition
C:\Program Files (x86)\Windows Kits\10\Include\10.0.22000.0\um\winnt.h(2578,1): message : see previous definition of 'STATUS_NO_MEMORY'
C:\Program Files (x86)\Windows Kits\10\Include\10.0.22000.0\shared\ntstatus.h(2289,1): warning C4005: 'STATUS_ILLEGAL_INSTRUCTION': macro redefinition
C:\Program Files (x86)\Windows Kits\10\Include\10.0.22000.0\um\winnt.h(2579,1): message : see previous definition of 'STATUS_ILLEGAL_INSTRUCTION'
C:\Program Files (x86)\Windows Kits\10\Include\10.0.22000.0\shared\ntstatus.h(2370,1): warning C4005: 'STATUS_NONCONTINUABLE_EXCEPTION': macro redefinition
C:\Program Files (x86)\Windows Kits\10\Include\10.0.22000.0\um\winnt.h(2580,1): message : see previous definition of 'STATUS_NONCONTINUABLE_EXCEPTION'
C:\Program Files (x86)\Windows Kits\10\Include\10.0.22000.0\shared\ntstatus.h(2379,1): warning C4005: 'STATUS_INVALID_DISPOSITION': macro redefinition
C:\Program Files (x86)\Windows Kits\10\Include\10.0.22000.0\um\winnt.h(2581,1): message : see previous definition of 'STATUS_INVALID_DISPOSITION'
C:\Program Files (x86)\Windows Kits\10\Include\10.0.22000.0\shared\ntstatus.h(3312,1): warning C4005: 'STATUS_ARRAY_BOUNDS_EXCEEDED': macro redefinition
C:\Program Files (x86)\Windows Kits\10\Include\10.0.22000.0\um\winnt.h(2582,1): message : see previous definition of 'STATUS_ARRAY_BOUNDS_EXCEEDED'
C:\Program Files (x86)\Windows Kits\10\Include\10.0.22000.0\shared\ntstatus.h(3322,1): warning C4005: 'STATUS_FLOAT_DENORMAL_OPERAND': macro redefinition
C:\Program Files (x86)\Windows Kits\10\Include\10.0.22000.0\um\winnt.h(2583,1): message : see previous definition of 'STATUS_FLOAT_DENORMAL_OPERAND'
C:\Program Files (x86)\Windows Kits\10\Include\10.0.22000.0\shared\ntstatus.h(3332,1): warning C4005: 'STATUS_FLOAT_DIVIDE_BY_ZERO': macro redefinition
C:\Program Files (x86)\Windows Kits\10\Include\10.0.22000.0\um\winnt.h(2584,1): message : see previous definition of 'STATUS_FLOAT_DIVIDE_BY_ZERO'
C:\Program Files (x86)\Windows Kits\10\Include\10.0.22000.0\shared\ntstatus.h(3342,1): warning C4005: 'STATUS_FLOAT_INEXACT_RESULT': macro redefinition
C:\Program Files (x86)\Windows Kits\10\Include\10.0.22000.0\um\winnt.h(2585,1): message : see previous definition of 'STATUS_FLOAT_INEXACT_RESULT'
C:\Program Files (x86)\Windows Kits\10\Include\10.0.22000.0\shared\ntstatus.h(3352,1): warning C4005: 'STATUS_FLOAT_INVALID_OPERATION': macro redefinition
C:\Program Files (x86)\Windows Kits\10\Include\10.0.22000.0\um\winnt.h(2586,1): message : see previous definition of 'STATUS_FLOAT_INVALID_OPERATION'
C:\Program Files (x86)\Windows Kits\10\Include\10.0.22000.0\shared\ntstatus.h(3362,1): warning C4005: 'STATUS_FLOAT_OVERFLOW': macro redefinition
C:\Program Files (x86)\Windows Kits\10\Include\10.0.22000.0\um\winnt.h(2587,1): message : see previous definition of 'STATUS_FLOAT_OVERFLOW'
C:\Program Files (x86)\Windows Kits\10\Include\10.0.22000.0\shared\ntstatus.h(3372,1): warning C4005: 'STATUS_FLOAT_STACK_CHECK': macro redefinition
C:\Program Files (x86)\Windows Kits\10\Include\10.0.22000.0\um\winnt.h(2588,1): message : see previous definition of 'STATUS_FLOAT_STACK_CHECK'
C:\Program Files (x86)\Windows Kits\10\Include\10.0.22000.0\shared\ntstatus.h(3382,1): warning C4005: 'STATUS_FLOAT_UNDERFLOW': macro redefinition
C:\Program Files (x86)\Windows Kits\10\Include\10.0.22000.0\um\winnt.h(2589,1): message : see previous definition of 'STATUS_FLOAT_UNDERFLOW'
C:\Program Files (x86)\Windows Kits\10\Include\10.0.22000.0\shared\ntstatus.h(3392,1): warning C4005: 'STATUS_INTEGER_DIVIDE_BY_ZERO': macro redefinition
C:\Program Files (x86)\Windows Kits\10\Include\10.0.22000.0\um\winnt.h(2590,1): message : see previous definition of 'STATUS_INTEGER_DIVIDE_BY_ZERO'
C:\Program Files (x86)\Windows Kits\10\Include\10.0.22000.0\shared\ntstatus.h(3402,1): warning C4005: 'STATUS_INTEGER_OVERFLOW': macro redefinition
C:\Program Files (x86)\Windows Kits\10\Include\10.0.22000.0\um\winnt.h(2591,1): message : see previous definition of 'STATUS_INTEGER_OVERFLOW'
C:\Program Files (x86)\Windows Kits\10\Include\10.0.22000.0\shared\ntstatus.h(3412,1): warning C4005: 'STATUS_PRIVILEGED_INSTRUCTION': macro redefinition
C:\Program Files (x86)\Windows Kits\10\Include\10.0.22000.0\um\winnt.h(2592,1): message : see previous definition of 'STATUS_PRIVILEGED_INSTRUCTION'
C:\Program Files (x86)\Windows Kits\10\Include\10.0.22000.0\shared\ntstatus.h(4358,1): warning C4005: 'STATUS_STACK_OVERFLOW': macro redefinition
C:\Program Files (x86)\Windows Kits\10\Include\10.0.22000.0\um\winnt.h(2593,1): message : see previous definition of 'STATUS_STACK_OVERFLOW'
C:\Program Files (x86)\Windows Kits\10\Include\10.0.22000.0\shared\ntstatus.h(4875,1): warning C4005: 'STATUS_DLL_NOT_FOUND': macro redefinition
C:\Program Files (x86)\Windows Kits\10\Include\10.0.22000.0\um\winnt.h(2594,1): message : see previous definition of 'STATUS_DLL_NOT_FOUND'
C:\Program Files (x86)\Windows Kits\10\Include\10.0.22000.0\shared\ntstatus.h(4904,1): warning C4005: 'STATUS_ORDINAL_NOT_FOUND': macro redefinition
C:\Program Files (x86)\Windows Kits\10\Include\10.0.22000.0\um\winnt.h(2595,1): message : see previous definition of 'STATUS_ORDINAL_NOT_FOUND'
C:\Program Files (x86)\Windows Kits\10\Include\10.0.22000.0\shared\ntstatus.h(4914,1): warning C4005: 'STATUS_ENTRYPOINT_NOT_FOUND': macro redefinition
C:\Program Files (x86)\Windows Kits\10\Include\10.0.22000.0\um\winnt.h(2596,1): message : see previous definition of 'STATUS_ENTRYPOINT_NOT_FOUND'
C:\Program Files (x86)\Windows Kits\10\Include\10.0.22000.0\shared\ntstatus.h(4924,1): warning C4005: 'STATUS_CONTROL_C_EXIT': macro redefinition
C:\Program Files (x86)\Windows Kits\10\Include\10.0.22000.0\um\winnt.h(2597,1): message : see previous definition of 'STATUS_CONTROL_C_EXIT'
C:\Program Files (x86)\Windows Kits\10\Include\10.0.22000.0\shared\ntstatus.h(5002,1): warning C4005: 'STATUS_DLL_INIT_FAILED': macro redefinition
C:\Program Files (x86)\Windows Kits\10\Include\10.0.22000.0\um\winnt.h(2598,1): message : see previous definition of 'STATUS_DLL_INIT_FAILED'
C:\Program Files (x86)\Windows Kits\10\Include\10.0.22000.0\shared\ntstatus.h(5999,1): warning C4005: 'STATUS_CONTROL_STACK_VIOLATION': macro redefinition
C:\Program Files (x86)\Windows Kits\10\Include\10.0.22000.0\um\winnt.h(2599,1): message : see previous definition of 'STATUS_CONTROL_STACK_VIOLATION'
C:\Program Files (x86)\Windows Kits\10\Include\10.0.22000.0\shared\ntstatus.h(7593,1): warning C4005: 'STATUS_FLOAT_MULTIPLE_FAULTS': macro redefinition
C:\Program Files (x86)\Windows Kits\10\Include\10.0.22000.0\um\winnt.h(2600,1): message : see previous definition of 'STATUS_FLOAT_MULTIPLE_FAULTS'
C:\Program Files (x86)\Windows Kits\10\Include\10.0.22000.0\shared\ntstatus.h(7603,1): warning C4005: 'STATUS_FLOAT_MULTIPLE_TRAPS': macro redefinition
C:\Program Files (x86)\Windows Kits\10\Include\10.0.22000.0\um\winnt.h(2601,1): message : see previous definition of 'STATUS_FLOAT_MULTIPLE_TRAPS'
C:\Program Files (x86)\Windows Kits\10\Include\10.0.22000.0\shared\ntstatus.h(7735,1): warning C4005: 'STATUS_REG_NAT_CONSUMPTION': macro redefinition
C:\Program Files (x86)\Windows Kits\10\Include\10.0.22000.0\um\winnt.h(2602,1): message : see previous definition of 'STATUS_REG_NAT_CONSUMPTION'
C:\Program Files (x86)\Windows Kits\10\Include\10.0.22000.0\shared\ntstatus.h(8718,1): warning C4005: 'STATUS_HEAP_CORRUPTION': macro redefinition
C:\Program Files (x86)\Windows Kits\10\Include\10.0.22000.0\um\winnt.h(2603,1): message : see previous definition of 'STATUS_HEAP_CORRUPTION'
C:\Program Files (x86)\Windows Kits\10\Include\10.0.22000.0\shared\ntstatus.h(8946,1): warning C4005: 'STATUS_STACK_BUFFER_OVERRUN': macro redefinition
C:\Program Files (x86)\Windows Kits\10\Include\10.0.22000.0\um\winnt.h(2604,1): message : see previous definition of 'STATUS_STACK_BUFFER_OVERRUN'
C:\Program Files (x86)\Windows Kits\10\Include\10.0.22000.0\shared\ntstatus.h(9073,1): warning C4005: 'STATUS_INVALID_CRUNTIME_PARAMETER': macro redefinition
C:\Program Files (x86)\Windows Kits\10\Include\10.0.22000.0\um\winnt.h(2605,1): message : see previous definition of 'STATUS_INVALID_CRUNTIME_PARAMETER'
C:\Program Files (x86)\Windows Kits\10\Include\10.0.22000.0\shared\ntstatus.h(9136,1): warning C4005: 'STATUS_ASSERTION_FAILURE': macro redefinition
C:\Program Files (x86)\Windows Kits\10\Include\10.0.22000.0\um\winnt.h(2606,1): message : see previous definition of 'STATUS_ASSERTION_FAILURE'
C:\Program Files (x86)\Windows Kits\10\Include\10.0.22000.0\shared\ntstatus.h(10045,1): warning C4005: 'STATUS_ENCLAVE_VIOLATION': macro redefinition
C:\Program Files (x86)\Windows Kits\10\Include\10.0.22000.0\um\winnt.h(2607,1): message : see previous definition of 'STATUS_ENCLAVE_VIOLATION'
C:\Program Files (x86)\Windows Kits\10\Include\10.0.22000.0\shared\ntstatus.h(10697,1): warning C4005: 'STATUS_INTERRUPTED': macro redefinition
C:\Program Files (x86)\Windows Kits\10\Include\10.0.22000.0\um\winnt.h(2608,1): message : see previous definition of 'STATUS_INTERRUPTED'
C:\Program Files (x86)\Windows Kits\10\Include\10.0.22000.0\shared\ntstatus.h(10706,1): warning C4005: 'STATUS_THREAD_NOT_RUNNING': macro redefinition
C:\Program Files (x86)\Windows Kits\10\Include\10.0.22000.0\um\winnt.h(2609,1): message : see previous definition of 'STATUS_THREAD_NOT_RUNNING'
C:\Program Files (x86)\Windows Kits\10\Include\10.0.22000.0\shared\ntstatus.h(11018,1): warning C4005: 'STATUS_ALREADY_REGISTERED': macro redefinition
C:\Program Files (x86)\Windows Kits\10\Include\10.0.22000.0\um\winnt.h(2610,1): message : see previous definition of 'STATUS_ALREADY_REGISTERED'
C:\Program Files (x86)\Windows Kits\10\Include\10.0.22000.0\shared\ntstatus.h(14865,1): warning C4005: 'STATUS_SXS_EARLY_DEACTIVATION': macro redefinition
C:\Program Files (x86)\Windows Kits\10\Include\10.0.22000.0\um\winnt.h(2612,1): message : see previous definition of 'STATUS_SXS_EARLY_DEACTIVATION'
C:\Program Files (x86)\Windows Kits\10\Include\10.0.22000.0\shared\ntstatus.h(14874,1): warning C4005: 'STATUS_SXS_INVALID_DEACTIVATION': macro redefinition
C:\Program Files (x86)\Windows Kits\10\Include\10.0.22000.0\um\winnt.h(2613,1): message : see previous definition of 'STATUS_SXS_INVALID_DEACTIVATION'
C:\Program Files (x86)\Windows Kits\10\Include\10.0.22000.0\um\uxtheme.h(1600,57): warning C4459: declaration of 'hwnd' hides global declaration
C:\Users\Paysonism\Downloads\PasterX updated\KURWA BOBER SUKA 1337\reverse\pasterx.h(27,6): message : see declaration of 'hwnd'
C:\Users\Paysonism\Downloads\PasterX updated\KURWA BOBER SUKA 1337\reverse\driver.h(25,33): warning C4129: 'S': unrecognized character escape sequence
C:\Users\Paysonism\Downloads\PasterX updated\KURWA BOBER SUKA 1337\reverse\driver.h(32,17): warning C4312: 'type cast': conversion from 'DWORD' to 'PVOID' of greater size
C:\Users\Paysonism\Downloads\PasterX updated\KURWA BOBER SUKA 1337\reverse\driver.h(108,47): warning C4458: declaration of 'ProcessId' hides class member
C:\Users\Paysonism\Downloads\PasterX updated\KURWA BOBER SUKA 1337\reverse\driver.h(21,7): message : see declaration of 'Driver::ProcessId'
C:\Users\Paysonism\Downloads\PasterX updated\KURWA BOBER SUKA 1337\reverse\xor.hpp(211,22): warning C4244: 'return': conversion from 'int' to 'char', possible loss of data
C:\Users\Paysonism\Downloads\PasterX updated\KURWA BOBER SUKA 1337\reverse\Keybind.h(55,22): warning C4100: 'blank': unreferenced formal parameter
C:\Users\Paysonism\Downloads\PasterX updated\KURWA BOBER SUKA 1337\reverse\Keybind.h(71,24): warning C4100: 'blank': unreferenced formal parameter
C:\Users\Paysonism\Downloads\PasterX updated\KURWA BOBER SUKA 1337\reverse\Keybind.h(87,25): warning C4100: 'blank': unreferenced formal parameter
C:\Users\Paysonism\Downloads\PasterX updated\KURWA BOBER SUKA 1337\reverse\Keybind.h(103,23): warning C4100: 'blank': unreferenced formal parameter
C:\Users\Paysonism\Downloads\PasterX updated\KURWA BOBER SUKA 1337\reverse\Keybind.h(119,26): warning C4100: 'blank': unreferenced formal parameter
C:\Users\Paysonism\Downloads\PasterX updated\KURWA BOBER SUKA 1337\reverse\Keybind.h(785,14): warning C4459: declaration of 'aimkeys' hides global declaration
C:\Users\Paysonism\Downloads\PasterX updated\KURWA BOBER SUKA 1337\reverse\pasterx.h(43,20): message : see declaration of 'aimkeys'
C:\Users\Paysonism\Downloads\PasterX updated\KURWA BOBER SUKA 1337\reverse\json.hpp(5937,58): warning C4459: declaration of 'h' hides global declaration
C:\Users\Paysonism\Downloads\PasterX updated\KURWA BOBER SUKA 1337\reverse\Print.hpp(13,8): message : see declaration of 'h'
C:\Users\Paysonism\Downloads\PasterX updated\KURWA BOBER SUKA 1337\reverse\json.hpp(9131,42): warning C4459: declaration of 'num' hides global declaration
C:\Users\Paysonism\Downloads\PasterX updated\KURWA BOBER SUKA 1337\reverse\Print.hpp(14,5): message : see declaration of 'num'
C:\Users\Paysonism\Downloads\PasterX updated\KURWA BOBER SUKA 1337\reverse\json.hpp(16959,29): warning C4459: declaration of 'h' hides global declaration
C:\Users\Paysonism\Downloads\PasterX updated\KURWA BOBER SUKA 1337\reverse\Print.hpp(13,8): message : see declaration of 'h'
pasterx.cpp(44,22): warning C4244: 'return': conversion from 'double' to 'float', possible loss of data
pasterx.cpp(48,22): warning C4244: 'return': conversion from 'double' to 'float', possible loss of data
pasterx.cpp(95,21): warning C4305: 'initializing': truncation from 'double' to 'float'
pasterx.cpp(136,59): warning C4099: 'Vector3': type name first seen using 'class' now seen using 'struct'
C:\Users\Paysonism\Downloads\PasterX updated\KURWA BOBER SUKA 1337\reverse\pasterx.h(118,7): message : see declaration of 'Vector3'
pasterx.cpp(137,62): warning C4099: 'Vector3': type name first seen using 'class' now seen using 'struct'
C:\Users\Paysonism\Downloads\PasterX updated\KURWA BOBER SUKA 1337\reverse\pasterx.h(118,7): message : see declaration of 'Vector3'
pasterx.cpp(439,17): warning C4244: 'initializing': conversion from 'double' to 'float', possible loss of data
pasterx.cpp(440,15): warning C4244: 'initializing': conversion from 'double' to 'float', possible loss of data
pasterx.cpp(441,16): warning C4244: 'initializing': conversion from 'double' to 'float', possible loss of data
pasterx.cpp(466,25): warning C4244: '=': conversion from 'double' to 'float', possible loss of data
pasterx.cpp(467,25): warning C4244: '=': conversion from 'double' to 'float', possible loss of data
pasterx.cpp(468,25): warning C4244: '=': conversion from 'double' to 'float', possible loss of data
pasterx.cpp(635,11): warning C4244: '+=': conversion from 'int' to 'char', possible loss of data
pasterx.cpp(654,156): warning C4244: 'argument': conversion from 'double' to 'float', possible loss of data
pasterx.cpp(654,32): warning C4244: 'argument': conversion from 'double' to 'float', possible loss of data
pasterx.cpp(665,119): warning C4305: 'argument': truncation from 'double' to 'float'
pasterx.cpp(665,108): warning C4305: 'argument': truncation from 'double' to 'float'
pasterx.cpp(665,97): warning C4305: 'argument': truncation from 'double' to 'float'
pasterx.cpp(665,51): warning C4244: 'argument': conversion from 'int' to 'float', possible loss of data
pasterx.cpp(665,46): warning C4244: 'argument': conversion from 'int' to 'float', possible loss of data
pasterx.cpp(666,119): warning C4305: 'argument': truncation from 'double' to 'float'
pasterx.cpp(666,108): warning C4305: 'argument': truncation from 'double' to 'float'
pasterx.cpp(666,97): warning C4305: 'argument': truncation from 'double' to 'float'
pasterx.cpp(666,51): warning C4244: 'argument': conversion from 'int' to 'float', possible loss of data
pasterx.cpp(666,46): warning C4244: 'argument': conversion from 'int' to 'float', possible loss of data
pasterx.cpp(667,119): warning C4305: 'argument': truncation from 'double' to 'float'
pasterx.cpp(667,108): warning C4305: 'argument': truncation from 'double' to 'float'
pasterx.cpp(667,97): warning C4305: 'argument': truncation from 'double' to 'float'
pasterx.cpp(667,53): warning C4244: 'argument': conversion from 'int' to 'float', possible loss of data
pasterx.cpp(667,48): warning C4244: 'argument': conversion from 'int' to 'float', possible loss of data
pasterx.cpp(668,119): warning C4305: 'argument': truncation from 'double' to 'float'
pasterx.cpp(668,108): warning C4305: 'argument': truncation from 'double' to 'float'
pasterx.cpp(668,97): warning C4305: 'argument': truncation from 'double' to 'float'
pasterx.cpp(668,53): warning C4244: 'argument': conversion from 'int' to 'float', possible loss of data
pasterx.cpp(668,48): warning C4244: 'argument': conversion from 'int' to 'float', possible loss of data
pasterx.cpp(669,49): warning C4244: 'argument': conversion from 'int' to 'float', possible loss of data
pasterx.cpp(669,46): warning C4244: 'argument': conversion from 'int' to 'float', possible loss of data
pasterx.cpp(705,96): warning C4244: 'argument': conversion from 'double' to 'float', possible loss of data
pasterx.cpp(705,84): warning C4244: 'argument': conversion from 'double' to 'float', possible loss of data
pasterx.cpp(705,64): warning C4244: 'argument': conversion from 'double' to 'float', possible loss of data
pasterx.cpp(705,53): warning C4244: 'argument': conversion from 'double' to 'float', possible loss of data
pasterx.cpp(706,114): warning C4244: 'argument': conversion from 'double' to 'float', possible loss of data
pasterx.cpp(706,102): warning C4244: 'argument': conversion from 'double' to 'float', possible loss of data
pasterx.cpp(706,82): warning C4244: 'argument': conversion from 'double' to 'float', possible loss of data
pasterx.cpp(706,62): warning C4244: 'argument': conversion from 'double' to 'float', possible loss of data
pasterx.cpp(707,116): warning C4244: 'argument': conversion from 'double' to 'float', possible loss of data
pasterx.cpp(707,104): warning C4244: 'argument': conversion from 'double' to 'float', possible loss of data
pasterx.cpp(707,84): warning C4244: 'argument': conversion from 'double' to 'float', possible loss of data
pasterx.cpp(707,63): warning C4244: 'argument': conversion from 'double' to 'float', possible loss of data
pasterx.cpp(708,122): warning C4244: 'argument': conversion from 'double' to 'float', possible loss of data
pasterx.cpp(708,102): warning C4244: 'argument': conversion from 'double' to 'float', possible loss of data
pasterx.cpp(708,74): warning C4244: 'argument': conversion from 'double' to 'float', possible loss of data
pasterx.cpp(708,58): warning C4244: 'argument': conversion from 'double' to 'float', possible loss of data
pasterx.cpp(709,126): warning C4244: 'argument': conversion from 'double' to 'float', possible loss of data
pasterx.cpp(709,105): warning C4244: 'argument': conversion from 'double' to 'float', possible loss of data
pasterx.cpp(709,76): warning C4244: 'argument': conversion from 'double' to 'float', possible loss of data
pasterx.cpp(709,59): warning C4244: 'argument': conversion from 'double' to 'float', possible loss of data
pasterx.cpp(710,116): warning C4244: 'argument': conversion from 'double' to 'float', possible loss of data
pasterx.cpp(710,99): warning C4244: 'argument': conversion from 'double' to 'float', possible loss of data
pasterx.cpp(710,74): warning C4244: 'argument': conversion from 'double' to 'float', possible loss of data
pasterx.cpp(710,58): warning C4244: 'argument': conversion from 'double' to 'float', possible loss of data
pasterx.cpp(711,120): warning C4244: 'argument': conversion from 'double' to 'float', possible loss of data
pasterx.cpp(711,102): warning C4244: 'argument': conversion from 'double' to 'float', possible loss of data
pasterx.cpp(711,76): warning C4244: 'argument': conversion from 'double' to 'float', possible loss of data
pasterx.cpp(711,59): warning C4244: 'argument': conversion from 'double' to 'float', possible loss of data
pasterx.cpp(712,106): warning C4244: 'argument': conversion from 'double' to 'float', possible loss of data
pasterx.cpp(712,95): warning C4244: 'argument': conversion from 'double' to 'float', possible loss of data
pasterx.cpp(712,76): warning C4244: 'argument': conversion from 'double' to 'float', possible loss of data
pasterx.cpp(712,59): warning C4244: 'argument': conversion from 'double' to 'float', possible loss of data
pasterx.cpp(713,108): warning C4244: 'argument': conversion from 'double' to 'float', possible loss of data
pasterx.cpp(713,97): warning C4244: 'argument': conversion from 'double' to 'float', possible loss of data
pasterx.cpp(713,78): warning C4244: 'argument': conversion from 'double' to 'float', possible loss of data
pasterx.cpp(713,60): warning C4244: 'argument': conversion from 'double' to 'float', possible loss of data
pasterx.cpp(714,116): warning C4244: 'argument': conversion from 'double' to 'float', possible loss of data
pasterx.cpp(714,99): warning C4244: 'argument': conversion from 'double' to 'float', possible loss of data
pasterx.cpp(714,74): warning C4244: 'argument': conversion from 'double' to 'float', possible loss of data
pasterx.cpp(714,58): warning C4244: 'argument': conversion from 'double' to 'float', possible loss of data
pasterx.cpp(715,120): warning C4244: 'argument': conversion from 'double' to 'float', possible loss of data
pasterx.cpp(715,102): warning C4244: 'argument': conversion from 'double' to 'float', possible loss of data
pasterx.cpp(715,76): warning C4244: 'argument': conversion from 'double' to 'float', possible loss of data
pasterx.cpp(715,59): warning C4244: 'argument': conversion from 'double' to 'float', possible loss of data
pasterx.cpp(716,114): warning C4244: 'argument': conversion from 'double' to 'float', possible loss of data
pasterx.cpp(716,98): warning C4244: 'argument': conversion from 'double' to 'float', possible loss of data
pasterx.cpp(716,74): warning C4244: 'argument': conversion from 'double' to 'float', possible loss of data
pasterx.cpp(716,58): warning C4244: 'argument': conversion from 'double' to 'float', possible loss of data
pasterx.cpp(717,118): warning C4244: 'argument': conversion from 'double' to 'float', possible loss of data
pasterx.cpp(717,101): warning C4244: 'argument': conversion from 'double' to 'float', possible loss of data
pasterx.cpp(717,76): warning C4244: 'argument': conversion from 'double' to 'float', possible loss of data
pasterx.cpp(717,59): warning C4244: 'argument': conversion from 'double' to 'float', possible loss of data
pasterx.cpp(800,154): warning C4244: 'argument': conversion from 'double' to 'float', possible loss of data
pasterx.cpp(800,136): warning C4244: 'argument': conversion from 'double' to 'float', possible loss of data
pasterx.cpp(800,118): warning C4244: 'argument': conversion from 'double' to 'float', possible loss of data
pasterx.cpp(800,100): warning C4244: 'argument': conversion from 'double' to 'float', possible loss of data
pasterx.cpp(800,49): warning C4244: 'argument': conversion from 'int' to 'float', possible loss of data
pasterx.cpp(800,46): warning C4244: 'argument': conversion from 'int' to 'float', possible loss of data
pasterx.cpp(805,172): warning C4244: 'argument': conversion from 'double' to 'float', possible loss of data
pasterx.cpp(805,154): warning C4244: 'argument': conversion from 'double' to 'float', possible loss of data
pasterx.cpp(805,136): warning C4244: 'argument': conversion from 'double' to 'float', possible loss of data
pasterx.cpp(805,118): warning C4244: 'argument': conversion from 'double' to 'float', possible loss of data
pasterx.cpp(805,183): warning C4244: 'argument': conversion from 'int' to 'float', possible loss of data
pasterx.cpp(805,66): warning C4244: 'argument': conversion from 'int' to 'float', possible loss of data
pasterx.cpp(805,62): warning C4244: 'argument': conversion from 'int' to 'float', possible loss of data
pasterx.cpp(805,50): warning C4244: 'argument': conversion from 'int' to 'float', possible loss of data
pasterx.cpp(805,46): warning C4244: 'argument': conversion from 'int' to 'float', possible loss of data
pasterx.cpp(810,177): warning C4244: 'argument': conversion from 'double' to 'float', possible loss of data
pasterx.cpp(810,159): warning C4244: 'argument': conversion from 'double' to 'float', possible loss of data
pasterx.cpp(810,141): warning C4244: 'argument': conversion from 'double' to 'float', possible loss of data
pasterx.cpp(810,123): warning C4244: 'argument': conversion from 'double' to 'float', possible loss of data
pasterx.cpp(808,65): warning C4100: 'thickness': unreferenced formal parameter
pasterx.cpp(808,44): warning C4100: 'y2': unreferenced formal parameter
pasterx.cpp(808,36): warning C4100: 'x2': unreferenced formal parameter
pasterx.cpp(808,28): warning C4100: 'y1': unreferenced formal parameter
pasterx.cpp(808,20): warning C4100: 'x1': unreferenced formal parameter
pasterx.cpp(815,212): warning C4244: 'argument': conversion from 'double' to 'float', possible loss of data
pasterx.cpp(815,194): warning C4244: 'argument': conversion from 'double' to 'float', possible loss of data
pasterx.cpp(815,176): warning C4244: 'argument': conversion from 'double' to 'float', possible loss of data
pasterx.cpp(815,158): warning C4244: 'argument': conversion from 'double' to 'float', possible loss of data
pasterx.cpp(813,48): warning C4100: 'H': unreferenced formal parameter
pasterx.cpp(813,39): warning C4100: 'W': unreferenced formal parameter
pasterx.cpp(813,30): warning C4100: 'Y': unreferenced formal parameter
pasterx.cpp(813,21): warning C4100: 'X': unreferenced formal parameter
pasterx.cpp(821,164): warning C4244: 'argument': conversion from 'double' to 'float', possible loss of data
pasterx.cpp(821,146): warning C4244: 'argument': conversion from 'double' to 'float', possible loss of data
pasterx.cpp(821,128): warning C4244: 'argument': conversion from 'double' to 'float', possible loss of data
pasterx.cpp(821,110): warning C4244: 'argument': conversion from 'double' to 'float', possible loss of data
pasterx.cpp(821,55): warning C4244: 'argument': conversion from 'int' to 'float', possible loss of data
pasterx.cpp(821,51): warning C4244: 'argument': conversion from 'int' to 'float', possible loss of data
pasterx.cpp(821,48): warning C4244: 'argument': conversion from 'int' to 'float', possible loss of data
pasterx.cpp(823,56): warning C4459: declaration of 'Col' hides global declaration
C:\Users\Paysonism\Downloads\PasterX updated\KURWA BOBER SUKA 1337\reverse\pasterx.h(412,14): message : see declaration of 'Col'
pasterx.cpp(828,46): warning C4459: declaration of 'h' hides global declaration
C:\Users\Paysonism\Downloads\PasterX updated\KURWA BOBER SUKA 1337\reverse\Print.hpp(13,8): message : see declaration of 'h'
pasterx.cpp(830,75): warning C4244: 'argument': conversion from 'int' to 'float', possible loss of data
pasterx.cpp(830,68): warning C4244: 'argument': conversion from 'int' to 'float', possible loss of data
pasterx.cpp(830,55): warning C4244: 'argument': conversion from 'int' to 'float', possible loss of data
pasterx.cpp(830,52): warning C4244: 'argument': conversion from 'int' to 'float', possible loss of data
pasterx.cpp(832,45): warning C4459: declaration of 'h' hides global declaration
C:\Users\Paysonism\Downloads\PasterX updated\KURWA BOBER SUKA 1337\reverse\Print.hpp(13,8): message : see declaration of 'h'
pasterx.cpp(845,14): warning C4244: 'initializing': conversion from 'int' to 'float', possible loss of data
pasterx.cpp(846,14): warning C4244: 'initializing': conversion from 'int' to 'float', possible loss of data
pasterx.cpp(848,137): warning C4305: 'argument': truncation from 'double' to 'float'
pasterx.cpp(848,126): warning C4305: 'argument': truncation from 'double' to 'float'
pasterx.cpp(848,115): warning C4305: 'argument': truncation from 'double' to 'float'
pasterx.cpp(848,60): warning C4244: 'argument': conversion from 'int' to 'float', possible loss of data
pasterx.cpp(848,49): warning C4244: 'argument': conversion from 'int' to 'float', possible loss of data
pasterx.cpp(848,46): warning C4244: 'argument': conversion from 'int' to 'float', possible loss of data
pasterx.cpp(849,137): warning C4305: 'argument': truncation from 'double' to 'float'
pasterx.cpp(849,126): warning C4305: 'argument': truncation from 'double' to 'float'
pasterx.cpp(849,115): warning C4305: 'argument': truncation from 'double' to 'float'
pasterx.cpp(849,71): warning C4244: 'argument': conversion from 'int' to 'float', possible loss of data
pasterx.cpp(849,49): warning C4244: 'argument': conversion from 'int' to 'float', possible loss of data
pasterx.cpp(849,46): warning C4244: 'argument': conversion from 'int' to 'float', possible loss of data
pasterx.cpp(850,145): warning C4305: 'argument': truncation from 'double' to 'float'
pasterx.cpp(850,134): warning C4305: 'argument': truncation from 'double' to 'float'
pasterx.cpp(850,123): warning C4305: 'argument': truncation from 'double' to 'float'
pasterx.cpp(850,79): warning C4244: 'argument': conversion from 'int' to 'float', possible loss of data
pasterx.cpp(850,74): warning C4244: 'argument': conversion from 'int' to 'float', possible loss of data
pasterx.cpp(850,61): warning C4244: 'argument': conversion from 'int' to 'float', possible loss of data
pasterx.cpp(851,145): warning C4305: 'argument': truncation from 'double' to 'float'
pasterx.cpp(851,134): warning C4305: 'argument': truncation from 'double' to 'float'
pasterx.cpp(851,123): warning C4305: 'argument': truncation from 'double' to 'float'
pasterx.cpp(851,66): warning C4244: 'argument': conversion from 'int' to 'float', possible loss of data
pasterx.cpp(851,53): warning C4244: 'argument': conversion from 'int' to 'float', possible loss of data
pasterx.cpp(851,48): warning C4244: 'argument': conversion from 'int' to 'float', possible loss of data
pasterx.cpp(852,145): warning C4305: 'argument': truncation from 'double' to 'float'
pasterx.cpp(852,134): warning C4305: 'argument': truncation from 'double' to 'float'
pasterx.cpp(852,123): warning C4305: 'argument': truncation from 'double' to 'float'
pasterx.cpp(852,77): warning C4244: 'argument': conversion from 'int' to 'float', possible loss of data
pasterx.cpp(852,72): warning C4244: 'argument': conversion from 'int' to 'float', possible loss of data
pasterx.cpp(852,46): warning C4244: 'argument': conversion from 'int' to 'float', possible loss of data
pasterx.cpp(853,145): warning C4305: 'argument': truncation from 'double' to 'float'
pasterx.cpp(853,134): warning C4305: 'argument': truncation from 'double' to 'float'
pasterx.cpp(853,123): warning C4305: 'argument': truncation from 'double' to 'float'
pasterx.cpp(853,77): warning C4244: 'argument': conversion from 'int' to 'float', possible loss of data
pasterx.cpp(853,51): warning C4244: 'argument': conversion from 'int' to 'float', possible loss of data
pasterx.cpp(853,46): warning C4244: 'argument': conversion from 'int' to 'float', possible loss of data
pasterx.cpp(854,153): warning C4305: 'argument': truncation from 'double' to 'float'
pasterx.cpp(854,142): warning C4305: 'argument': truncation from 'double' to 'float'
pasterx.cpp(854,131): warning C4305: 'argument': truncation from 'double' to 'float'
pasterx.cpp(854,85): warning C4244: 'argument': conversion from 'int' to 'float', possible loss of data
pasterx.cpp(854,78): warning C4244: 'argument': conversion from 'int' to 'float', possible loss of data
pasterx.cpp(854,63): warning C4244: 'argument': conversion from 'int' to 'float', possible loss of data
pasterx.cpp(855,153): warning C4305: 'argument': truncation from 'double' to 'float'
pasterx.cpp(855,142): warning C4305: 'argument': truncation from 'double' to 'float'
pasterx.cpp(855,131): warning C4305: 'argument': truncation from 'double' to 'float'
pasterx.cpp(855,85): warning C4244: 'argument': conversion from 'int' to 'float', possible loss of data
pasterx.cpp(855,78): warning C4244: 'argument': conversion from 'int' to 'float', possible loss of data
pasterx.cpp(855,48): warning C4244: 'argument': conversion from 'int' to 'float', possible loss of data
pasterx.cpp(858,102): warning C4244: 'argument': conversion from 'int' to 'float', possible loss of data
pasterx.cpp(858,60): warning C4244: 'argument': conversion from 'int' to 'float', possible loss of data
pasterx.cpp(858,49): warning C4244: 'argument': conversion from 'int' to 'float', possible loss of data
pasterx.cpp(858,46): warning C4244: 'argument': conversion from 'int' to 'float', possible loss of data
pasterx.cpp(859,102): warning C4244: 'argument': conversion from 'int' to 'float', possible loss of data
pasterx.cpp(859,71): warning C4244: 'argument': conversion from 'int' to 'float', possible loss of data
pasterx.cpp(859,49): warning C4244: 'argument': conversion from 'int' to 'float', possible loss of data
pasterx.cpp(859,46): warning C4244: 'argument': conversion from 'int' to 'float', possible loss of data
pasterx.cpp(860,110): warning C4244: 'argument': conversion from 'int' to 'float', possible loss of data
pasterx.cpp(860,79): warning C4244: 'argument': conversion from 'int' to 'float', possible loss of data
pasterx.cpp(860,74): warning C4244: 'argument': conversion from 'int' to 'float', possible loss of data
pasterx.cpp(860,61): warning C4244: 'argument': conversion from 'int' to 'float', possible loss of data
pasterx.cpp(861,110): warning C4244: 'argument': conversion from 'int' to 'float', possible loss of data
pasterx.cpp(861,66): warning C4244: 'argument': conversion from 'int' to 'float', possible loss of data
pasterx.cpp(861,53): warning C4244: 'argument': conversion from 'int' to 'float', possible loss of data
pasterx.cpp(861,48): warning C4244: 'argument': conversion from 'int' to 'float', possible loss of data
pasterx.cpp(862,110): warning C4244: 'argument': conversion from 'int' to 'float', possible loss of data
pasterx.cpp(862,77): warning C4244: 'argument': conversion from 'int' to 'float', possible loss of data
pasterx.cpp(862,72): warning C4244: 'argument': conversion from 'int' to 'float', possible loss of data
pasterx.cpp(862,46): warning C4244: 'argument': conversion from 'int' to 'float', possible loss of data
pasterx.cpp(863,110): warning C4244: 'argument': conversion from 'int' to 'float', possible loss of data
pasterx.cpp(863,77): warning C4244: 'argument': conversion from 'int' to 'float', possible loss of data
pasterx.cpp(863,51): warning C4244: 'argument': conversion from 'int' to 'float', possible loss of data
pasterx.cpp(863,46): warning C4244: 'argument': conversion from 'int' to 'float', possible loss of data
pasterx.cpp(864,118): warning C4244: 'argument': conversion from 'int' to 'float', possible loss of data
pasterx.cpp(864,85): warning C4244: 'argument': conversion from 'int' to 'float', possible loss of data
pasterx.cpp(864,78): warning C4244: 'argument': conversion from 'int' to 'float', possible loss of data
pasterx.cpp(864,63): warning C4244: 'argument': conversion from 'int' to 'float', possible loss of data
pasterx.cpp(865,118): warning C4244: 'argument': conversion from 'int' to 'float', possible loss of data
pasterx.cpp(865,85): warning C4244: 'argument': conversion from 'int' to 'float', possible loss of data
pasterx.cpp(865,78): warning C4244: 'argument': conversion from 'int' to 'float', possible loss of data
pasterx.cpp(865,48): warning C4244: 'argument': conversion from 'int' to 'float', possible loss of data
pasterx.cpp(868,14): warning C4244: 'initializing': conversion from 'int' to 'float', possible loss of data
pasterx.cpp(869,14): warning C4244: 'initializing': conversion from 'int' to 'float', possible loss of data
pasterx.cpp(872,118): warning C4305: 'argument': truncation from 'double' to 'float'
pasterx.cpp(872,107): warning C4305: 'argument': truncation from 'double' to 'float'
pasterx.cpp(872,96): warning C4305: 'argument': truncation from 'double' to 'float'
pasterx.cpp(872,41): warning C4244: 'argument': conversion from 'int' to 'float', possible loss of data
pasterx.cpp(872,30): warning C4244: 'argument': conversion from 'int' to 'float', possible loss of data
pasterx.cpp(872,27): warning C4244: 'argument': conversion from 'int' to 'float', possible loss of data
pasterx.cpp(873,118): warning C4305: 'argument': truncation from 'double' to 'float'
pasterx.cpp(873,107): warning C4305: 'argument': truncation from 'double' to 'float'
pasterx.cpp(873,96): warning C4305: 'argument': truncation from 'double' to 'float'
pasterx.cpp(873,52): warning C4244: 'argument': conversion from 'int' to 'float', possible loss of data
pasterx.cpp(873,30): warning C4244: 'argument': conversion from 'int' to 'float', possible loss of data
pasterx.cpp(873,27): warning C4244: 'argument': conversion from 'int' to 'float', possible loss of data
pasterx.cpp(874,126): warning C4305: 'argument': truncation from 'double' to 'float'
pasterx.cpp(874,115): warning C4305: 'argument': truncation from 'double' to 'float'
pasterx.cpp(874,104): warning C4305: 'argument': truncation from 'double' to 'float'
pasterx.cpp(874,60): warning C4244: 'argument': conversion from 'int' to 'float', possible loss of data
pasterx.cpp(874,55): warning C4244: 'argument': conversion from 'int' to 'float', possible loss of data
pasterx.cpp(874,42): warning C4244: 'argument': conversion from 'int' to 'float', possible loss of data
pasterx.cpp(875,126): warning C4305: 'argument': truncation from 'double' to 'float'
pasterx.cpp(875,115): warning C4305: 'argument': truncation from 'double' to 'float'
pasterx.cpp(875,104): warning C4305: 'argument': truncation from 'double' to 'float'
pasterx.cpp(875,47): warning C4244: 'argument': conversion from 'int' to 'float', possible loss of data
pasterx.cpp(875,34): warning C4244: 'argument': conversion from 'int' to 'float', possible loss of data
pasterx.cpp(875,29): warning C4244: 'argument': conversion from 'int' to 'float', possible loss of data
pasterx.cpp(876,126): warning C4305: 'argument': truncation from 'double' to 'float'
pasterx.cpp(876,115): warning C4305: 'argument': truncation from 'double' to 'float'
pasterx.cpp(876,104): warning C4305: 'argument': truncation from 'double' to 'float'
pasterx.cpp(876,58): warning C4244: 'argument': conversion from 'int' to 'float', possible loss of data
pasterx.cpp(876,53): warning C4244: 'argument': conversion from 'int' to 'float', possible loss of data
pasterx.cpp(876,27): warning C4244: 'argument': conversion from 'int' to 'float', possible loss of data
pasterx.cpp(877,126): warning C4305: 'argument': truncation from 'double' to 'float'
pasterx.cpp(877,115): warning C4305: 'argument': truncation from 'double' to 'float'
pasterx.cpp(877,104): warning C4305: 'argument': truncation from 'double' to 'float'
pasterx.cpp(877,58): warning C4244: 'argument': conversion from 'int' to 'float', possible loss of data
pasterx.cpp(877,32): warning C4244: 'argument': conversion from 'int' to 'float', possible loss of data
pasterx.cpp(877,27): warning C4244: 'argument': conversion from 'int' to 'float', possible loss of data
pasterx.cpp(878,134): warning C4305: 'argument': truncation from 'double' to 'float'
pasterx.cpp(878,123): warning C4305: 'argument': truncation from 'double' to 'float'
pasterx.cpp(878,112): warning C4305: 'argument': truncation from 'double' to 'float'
pasterx.cpp(878,66): warning C4244: 'argument': conversion from 'int' to 'float', possible loss of data
pasterx.cpp(878,59): warning C4244: 'argument': conversion from 'int' to 'float', possible loss of data
pasterx.cpp(878,44): warning C4244: 'argument': conversion from 'int' to 'float', possible loss of data
pasterx.cpp(879,134): warning C4305: 'argument': truncation from 'double' to 'float'
pasterx.cpp(879,123): warning C4305: 'argument': truncation from 'double' to 'float'
pasterx.cpp(879,112): warning C4305: 'argument': truncation from 'double' to 'float'
pasterx.cpp(879,66): warning C4244: 'argument': conversion from 'int' to 'float', possible loss of data
pasterx.cpp(879,59): warning C4244: 'argument': conversion from 'int' to 'float', possible loss of data
pasterx.cpp(879,29): warning C4244: 'argument': conversion from 'int' to 'float', possible loss of data
pasterx.cpp(882,83): warning C4244: 'argument': conversion from 'int' to 'float', possible loss of data
pasterx.cpp(882,41): warning C4244: 'argument': conversion from 'int' to 'float', possible loss of data
pasterx.cpp(882,30): warning C4244: 'argument': conversion from 'int' to 'float', possible loss of data
pasterx.cpp(882,27): warning C4244: 'argument': conversion from 'int' to 'float', possible loss of data
pasterx.cpp(883,83): warning C4244: 'argument': conversion from 'int' to 'float', possible loss of data
pasterx.cpp(883,52): warning C4244: 'argument': conversion from 'int' to 'float', possible loss of data
pasterx.cpp(883,30): warning C4244: 'argument': conversion from 'int' to 'float', possible loss of data
pasterx.cpp(883,27): warning C4244: 'argument': conversion from 'int' to 'float', possible loss of data
pasterx.cpp(884,91): warning C4244: 'argument': conversion from 'int' to 'float', possible loss of data
pasterx.cpp(884,60): warning C4244: 'argument': conversion from 'int' to 'float', possible loss of data
pasterx.cpp(884,55): warning C4244: 'argument': conversion from 'int' to 'float', possible loss of data
pasterx.cpp(884,42): warning C4244: 'argument': conversion from 'int' to 'float', possible loss of data
pasterx.cpp(885,91): warning C4244: 'argument': conversion from 'int' to 'float', possible loss of data
pasterx.cpp(885,47): warning C4244: 'argument': conversion from 'int' to 'float', possible loss of data
pasterx.cpp(885,34): warning C4244: 'argument': conversion from 'int' to 'float', possible loss of data
pasterx.cpp(885,29): warning C4244: 'argument': conversion from 'int' to 'float', possible loss of data
pasterx.cpp(886,91): warning C4244: 'argument': conversion from 'int' to 'float', possible loss of data
pasterx.cpp(886,58): warning C4244: 'argument': conversion from 'int' to 'float', possible loss of data
pasterx.cpp(886,53): warning C4244: 'argument': conversion from 'int' to 'float', possible loss of data
pasterx.cpp(886,27): warning C4244: 'argument': conversion from 'int' to 'float', possible loss of data
pasterx.cpp(887,91): warning C4244: 'argument': conversion from 'int' to 'float', possible loss of data
pasterx.cpp(887,58): warning C4244: 'argument': conversion from 'int' to 'float', possible loss of data
pasterx.cpp(887,32): warning C4244: 'argument': conversion from 'int' to 'float', possible loss of data
pasterx.cpp(887,27): warning C4244: 'argument': conversion from 'int' to 'float', possible loss of data
pasterx.cpp(888,99): warning C4244: 'argument': conversion from 'int' to 'float', possible loss of data
pasterx.cpp(888,66): warning C4244: 'argument': conversion from 'int' to 'float', possible loss of data
pasterx.cpp(888,59): warning C4244: 'argument': conversion from 'int' to 'float', possible loss of data
pasterx.cpp(888,44): warning C4244: 'argument': conversion from 'int' to 'float', possible loss of data
pasterx.cpp(889,99): warning C4244: 'argument': conversion from 'int' to 'float', possible loss of data
pasterx.cpp(889,66): warning C4244: 'argument': conversion from 'int' to 'float', possible loss of data
pasterx.cpp(889,59): warning C4244: 'argument': conversion from 'int' to 'float', possible loss of data
pasterx.cpp(889,29): warning C4244: 'argument': conversion from 'int' to 'float', possible loss of data
pasterx.cpp(953,25): warning C4100: 'in': unreferenced formal parameter
pasterx.cpp(1207,32): warning C4100: 'argv': unreferenced formal parameter
pasterx.cpp(1207,14): warning C4100: 'argc': unreferenced formal parameter
pasterx.cpp(1213,9): warning C4189: 'hpStdout': local variable is initialized but not referenced
pasterx.cpp(1456,8): warning C4459: declaration of 'ScreenCenterX' hides global declaration
pasterx.cpp(132,7): message : see declaration of 'ScreenCenterX'
pasterx.cpp(1456,22): warning C4244: 'initializing': conversion from 'int' to 'float', possible loss of data
pasterx.cpp(1457,8): warning C4459: declaration of 'ScreenCenterY' hides global declaration
pasterx.cpp(133,7): message : see declaration of 'ScreenCenterY'
pasterx.cpp(1457,22): warning C4244: 'initializing': conversion from 'int' to 'float', possible loss of data
pasterx.cpp(1458,15): warning C4244: 'initializing': conversion from 'float' to 'int', possible loss of data
pasterx.cpp(1600,36): warning C4244: 'argument': conversion from 'double' to 'float', possible loss of data
pasterx.cpp(1600,21): warning C4244: 'argument': conversion from 'double' to 'float', possible loss of data
pasterx.cpp(1635,96): warning C4244: 'argument': conversion from 'double' to 'float', possible loss of data
pasterx.cpp(1635,84): warning C4244: 'argument': conversion from 'double' to 'float', possible loss of data
pasterx.cpp(1635,64): warning C4244: 'argument': conversion from 'double' to 'float', possible loss of data
pasterx.cpp(1635,53): warning C4244: 'argument': conversion from 'double' to 'float', possible loss of data
pasterx.cpp(1636,114): warning C4244: 'argument': conversion from 'double' to 'float', possible loss of data
pasterx.cpp(1636,102): warning C4244: 'argument': conversion from 'double' to 'float', possible loss of data
pasterx.cpp(1636,82): warning C4244: 'argument': conversion from 'double' to 'float', possible loss of data
pasterx.cpp(1636,62): warning C4244: 'argument': conversion from 'double' to 'float', possible loss of data
pasterx.cpp(1637,116): warning C4244: 'argument': conversion from 'double' to 'float', possible loss of data
pasterx.cpp(1637,104): warning C4244: 'argument': conversion from 'double' to 'float', possible loss of data
pasterx.cpp(1637,84): warning C4244: 'argument': conversion from 'double' to 'float', possible loss of data
pasterx.cpp(1637,63): warning C4244: 'argument': conversion from 'double' to 'float', possible loss of data
pasterx.cpp(1638,122): warning C4244: 'argument': conversion from 'double' to 'float', possible loss of data
pasterx.cpp(1638,102): warning C4244: 'argument': conversion from 'double' to 'float', possible loss of data
pasterx.cpp(1638,74): warning C4244: 'argument': conversion from 'double' to 'float', possible loss of data
pasterx.cpp(1638,58): warning C4244: 'argument': conversion from 'double' to 'float', possible loss of data
pasterx.cpp(1639,126): warning C4244: 'argument': conversion from 'double' to 'float', possible loss of data
pasterx.cpp(1639,105): warning C4244: 'argument': conversion from 'double' to 'float', possible loss of data
pasterx.cpp(1639,76): warning C4244: 'argument': conversion from 'double' to 'float', possible loss of data
pasterx.cpp(1639,59): warning C4244: 'argument': conversion from 'double' to 'float', possible loss of data
pasterx.cpp(1640,116): warning C4244: 'argument': conversion from 'double' to 'float', possible loss of data
pasterx.cpp(1640,99): warning C4244: 'argument': conversion from 'double' to 'float', possible loss of data
pasterx.cpp(1640,74): warning C4244: 'argument': conversion from 'double' to 'float', possible loss of data
pasterx.cpp(1640,58): warning C4244: 'argument': conversion from 'double' to 'float', possible loss of data
pasterx.cpp(1641,120): warning C4244: 'argument': conversion from 'double' to 'float', possible loss of data
pasterx.cpp(1641,102): warning C4244: 'argument': conversion from 'double' to 'float', possible loss of data
pasterx.cpp(1641,76): warning C4244: 'argument': conversion from 'double' to 'float', possible loss of data
pasterx.cpp(1641,59): warning C4244: 'argument': conversion from 'double' to 'float', possible loss of data
pasterx.cpp(1642,106): warning C4244: 'argument': conversion from 'double' to 'float', possible loss of data
pasterx.cpp(1642,95): warning C4244: 'argument': conversion from 'double' to 'float', possible loss of data
pasterx.cpp(1642,76): warning C4244: 'argument': conversion from 'double' to 'float', possible loss of data
pasterx.cpp(1642,59): warning C4244: 'argument': conversion from 'double' to 'float', possible loss of data
pasterx.cpp(1643,108): warning C4244: 'argument': conversion from 'double' to 'float', possible loss of data
pasterx.cpp(1643,97): warning C4244: 'argument': conversion from 'double' to 'float', possible loss of data
pasterx.cpp(1643,78): warning C4244: 'argument': conversion from 'double' to 'float', possible loss of data
pasterx.cpp(1643,60): warning C4244: 'argument': conversion from 'double' to 'float', possible loss of data
pasterx.cpp(1644,116): warning C4244: 'argument': conversion from 'double' to 'float', possible loss of data
pasterx.cpp(1644,99): warning C4244: 'argument': conversion from 'double' to 'float', possible loss of data
pasterx.cpp(1644,74): warning C4244: 'argument': conversion from 'double' to 'float', possible loss of data
pasterx.cpp(1644,58): warning C4244: 'argument': conversion from 'double' to 'float', possible loss of data
pasterx.cpp(1645,120): warning C4244: 'argument': conversion from 'double' to 'float', possible loss of data
pasterx.cpp(1645,102): warning C4244: 'argument': conversion from 'double' to 'float', possible loss of data
pasterx.cpp(1645,76): warning C4244: 'argument': conversion from 'double' to 'float', possible loss of data
pasterx.cpp(1645,59): warning C4244: 'argument': conversion from 'double' to 'float', possible loss of data
pasterx.cpp(1646,114): warning C4244: 'argument': conversion from 'double' to 'float', possible loss of data
pasterx.cpp(1646,98): warning C4244: 'argument': conversion from 'double' to 'float', possible loss of data
pasterx.cpp(1646,74): warning C4244: 'argument': conversion from 'double' to 'float', possible loss of data
pasterx.cpp(1646,58): warning C4244: 'argument': conversion from 'double' to 'float', possible loss of data
pasterx.cpp(1647,118): warning C4244: 'argument': conversion from 'double' to 'float', possible loss of data
pasterx.cpp(1647,101): warning C4244: 'argument': conversion from 'double' to 'float', possible loss of data
pasterx.cpp(1647,76): warning C4244: 'argument': conversion from 'double' to 'float', possible loss of data
pasterx.cpp(1647,59): warning C4244: 'argument': conversion from 'double' to 'float', possible loss of data
pasterx.cpp(1651,170): warning C4244: 'argument': conversion from 'double' to 'float', possible loss of data
pasterx.cpp(1651,152): warning C4244: 'argument': conversion from 'double' to 'float', possible loss of data
pasterx.cpp(1651,134): warning C4244: 'argument': conversion from 'double' to 'float', possible loss of data
pasterx.cpp(1651,116): warning C4244: 'argument': conversion from 'double' to 'float', possible loss of data
pasterx.cpp(1651,61): warning C4244: 'argument': conversion from 'int' to 'float', possible loss of data
pasterx.cpp(1651,57): warning C4244: 'argument': conversion from 'int' to 'float', possible loss of data
pasterx.cpp(1651,54): warning C4244: 'argument': conversion from 'int' to 'float', possible loss of data
pasterx.cpp(1662,53): warning C4244: 'argument': conversion from 'int' to 'float', possible loss of data
pasterx.cpp(1662,48): warning C4244: 'argument': conversion from 'int' to 'float', possible loss of data
pasterx.cpp(1663,53): warning C4244: 'argument': conversion from 'int' to 'float', possible loss of data
pasterx.cpp(1663,48): warning C4244: 'argument': conversion from 'int' to 'float', possible loss of data
pasterx.cpp(1664,51): warning C4244: 'argument': conversion from 'int' to 'float', possible loss of data
pasterx.cpp(1664,46): warning C4244: 'argument': conversion from 'int' to 'float', possible loss of data
pasterx.cpp(1665,51): warning C4244: 'argument': conversion from 'int' to 'float', possible loss of data
pasterx.cpp(1665,46): warning C4244: 'argument': conversion from 'int' to 'float', possible loss of data
pasterx.cpp(1666,49): warning C4244: 'argument': conversion from 'int' to 'float', possible loss of data
pasterx.cpp(1666,46): warning C4244: 'argument': conversion from 'int' to 'float', possible loss of data
pasterx.cpp(1670,36): warning C4838: conversion from 'ImColor' to 'float' requires a narrowing conversion
pasterx.cpp(1670,36): warning C4244: 'initializing': conversion from 'ImU32' to 'float', possible loss of data
pasterx.cpp(1671,36): warning C4838: conversion from 'ImColor' to 'float' requires a narrowing conversion
pasterx.cpp(1671,36): warning C4244: 'initializing': conversion from 'ImU32' to 'float', possible loss of data
pasterx.cpp(1679,8): warning C4459: declaration of 'fovcircle' hides global declaration
pasterx.cpp(57,6): message : see declaration of 'fovcircle'
pasterx.cpp(1680,9): warning C4459: declaration of 'fovcirclefilled' hides global declaration
pasterx.cpp(92,6): message : see declaration of 'fovcirclefilled'
pasterx.cpp(1683,124): warning C4244: 'argument': conversion from 'float' to 'int', possible loss of data
pasterx.cpp(1683,64): warning C4244: 'argument': conversion from 'DWORD' to 'float', possible loss of data
pasterx.cpp(1683,49): warning C4244: 'argument': conversion from 'DWORD' to 'float', possible loss of data
pasterx.cpp(1684,8): warning C4459: declaration of 'square_fov' hides global declaration
pasterx.cpp(72,6): message : see declaration of 'square_fov'
pasterx.cpp(1685,8): warning C4459: declaration of 'fovcircle' hides global declaration
pasterx.cpp(57,6): message : see declaration of 'fovcircle'
pasterx.cpp(1686,9): warning C4459: declaration of 'fovcirclefilled' hides global declaration
pasterx.cpp(92,6): message : see declaration of 'fovcirclefilled'
pasterx.cpp(1689,124): warning C4244: 'argument': conversion from 'float' to 'int', possible loss of data
pasterx.cpp(1689,64): warning C4244: 'argument': conversion from 'DWORD' to 'float', possible loss of data
pasterx.cpp(1689,49): warning C4244: 'argument': conversion from 'DWORD' to 'float', possible loss of data
pasterx.cpp(1748,10): warning C4553: '==': result of expression not used; did you intend '='?
pasterx.cpp(1760,10): warning C4553: '==': result of expression not used; did you intend '='?
pasterx.cpp(1764,10): warning C4553: '==': result of expression not used; did you intend '='?
pasterx.cpp(1768,10): warning C4553: '==': result of expression not used; did you intend '='?
pasterx.cpp(1772,10): warning C4553: '==': result of expression not used; did you intend '='?
pasterx.cpp(1776,10): warning C4553: '==': result of expression not used; did you intend '='?
pasterx.cpp(1780,10): warning C4553: '==': result of expression not used; did you intend '='?
pasterx.cpp(1784,10): warning C4553: '==': result of expression not used; did you intend '='?
pasterx.cpp(1788,10): warning C4553: '==': result of expression not used; did you intend '='?
pasterx.cpp(1792,10): warning C4553: '==': result of expression not used; did you intend '='?
pasterx.cpp(1796,10): warning C4553: '==': result of expression not used; did you intend '='?
pasterx.cpp(1800,10): warning C4553: '==': result of expression not used; did you intend '='?
pasterx.cpp(1804,10): warning C4553: '==': result of expression not used; did you intend '='?
pasterx.cpp(1808,10): warning C4553: '==': result of expression not used; did you intend '='?
pasterx.cpp(1812,10): warning C4553: '==': result of expression not used; did you intend '='?
pasterx.cpp(1816,10): warning C4553: '==': result of expression not used; did you intend '='?
pasterx.cpp(1820,10): warning C4553: '==': result of expression not used; did you intend '='?
pasterx.cpp(1824,10): warning C4553: '==': result of expression not used; did you intend '='?
pasterx.cpp(1828,10): warning C4553: '==': result of expression not used; did you intend '='?
pasterx.cpp(1832,10): warning C4553: '==': result of expression not used; did you intend '='?
pasterx.cpp(1836,10): warning C4553: '==': result of expression not used; did you intend '='?
pasterx.cpp(1840,10): warning C4553: '==': result of expression not used; did you intend '='?
pasterx.cpp(1844,10): warning C4553: '==': result of expression not used; did you intend '='?
pasterx.cpp(1848,10): warning C4553: '==': result of expression not used; did you intend '='?
pasterx.cpp(1852,10): warning C4553: '==': result of expression not used; did you intend '='?
pasterx.cpp(1856,10): warning C4553: '==': result of expression not used; did you intend '='?
pasterx.cpp(1860,10): warning C4553: '==': result of expression not used; did you intend '='?
pasterx.cpp(1864,10): warning C4553: '==': result of expression not used; did you intend '='?
pasterx.cpp(1868,10): warning C4553: '==': result of expression not used; did you intend '='?
pasterx.cpp(1872,10): warning C4553: '==': result of expression not used; did you intend '='?
pasterx.cpp(1876,10): warning C4553: '==': result of expression not used; did you intend '='?
pasterx.cpp(1880,10): warning C4553: '==': result of expression not used; did you intend '='?
pasterx.cpp(1884,10): warning C4553: '==': result of expression not used; did you intend '='?
pasterx.cpp(1888,10): warning C4553: '==': result of expression not used; did you intend '='?
pasterx.cpp(1892,10): warning C4553: '==': result of expression not used; did you intend '='?
pasterx.cpp(1896,10): warning C4553: '==': result of expression not used; did you intend '='?
pasterx.cpp(1900,10): warning C4553: '==': result of expression not used; did you intend '='?
pasterx.cpp(1904,10): warning C4553: '==': result of expression not used; did you intend '='?
pasterx.cpp(1908,10): warning C4553: '==': result of expression not used; did you intend '='?
pasterx.cpp(1912,10): warning C4553: '==': result of expression not used; did you intend '='?
pasterx.cpp(1916,10): warning C4553: '==': result of expression not used; did you intend '='?
pasterx.cpp(1920,10): warning C4553: '==': result of expression not used; did you intend '='?
pasterx.cpp(1924,10): warning C4553: '==': result of expression not used; did you intend '='?
pasterx.cpp(1928,10): warning C4553: '==': result of expression not used; did you intend '='?
pasterx.cpp(1932,10): warning C4553: '==': result of expression not used; did you intend '='?
pasterx.cpp(1936,10): warning C4553: '==': result of expression not used; did you intend '='?
pasterx.cpp(1940,10): warning C4553: '==': result of expression not used; did you intend '='?
pasterx.cpp(1944,10): warning C4553: '==': result of expression not used; did you intend '='?
pasterx.cpp(1948,10): warning C4553: '==': result of expression not used; did you intend '='?
pasterx.cpp(1952,10): warning C4553: '==': result of expression not used; did you intend '='?
pasterx.cpp(1956,10): warning C4553: '==': result of expression not used; did you intend '='?
pasterx.cpp(1960,10): warning C4553: '==': result of expression not used; did you intend '='?
pasterx.cpp(1975,12): warning C4459: declaration of 'PlayerCameraManager' hides global declaration
pasterx.cpp(124,11): message : see declaration of 'PlayerCameraManager'
pasterx.cpp(1992,25): warning C4018: '<': signed/unsigned mismatch
pasterx.cpp(2027,8): warning C4456: declaration of 'entityListCopy' hides previous local declaration
pasterx.cpp(1964,7): message : see declaration of 'entityListCopy'
pasterx.cpp(2052,82): warning C4244: 'argument': conversion from 'double' to 'float', possible loss of data
pasterx.cpp(2052,68): warning C4244: 'argument': conversion from 'double' to 'float', possible loss of data
pasterx.cpp(2052,57): warning C4244: 'argument': conversion from 'double' to 'float', possible loss of data
pasterx.cpp(2053,81): warning C4244: 'argument': conversion from 'double' to 'float', possible loss of data
pasterx.cpp(2053,70): warning C4244: 'argument': conversion from 'double' to 'float', possible loss of data
pasterx.cpp(2053,59): warning C4244: 'argument': conversion from 'double' to 'float', possible loss of data
pasterx.cpp(2054,81): warning C4244: 'argument': conversion from 'double' to 'float', possible loss of data
pasterx.cpp(2054,70): warning C4244: 'argument': conversion from 'double' to 'float', possible loss of data
pasterx.cpp(2054,59): warning C4244: 'argument': conversion from 'double' to 'float', possible loss of data
pasterx.cpp(2072,22): warning C4244: 'initializing': conversion from 'double' to 'float', possible loss of data
pasterx.cpp(2085,16): warning C4244: 'initializing': conversion from 'double' to 'float', possible loss of data
pasterx.cpp(2086,15): warning C4459: declaration of 'faken_rot' hides global declaration
pasterx.cpp(41,5): message : see declaration of 'faken_rot'
pasterx.cpp(2090,8): warning C4456: declaration of 'i' hides previous local declaration
pasterx.cpp(1992,16): message : see declaration of 'i'
pasterx.cpp(2094,51): warning C4244: 'argument': conversion from 'int' to 'float', possible loss of data
pasterx.cpp(2094,19): warning C4244: 'argument': conversion from 'float' to '_Ty', possible loss of data
          with
          [
              _Ty=int
          ]
pasterx.cpp(2095,51): warning C4244: 'argument': conversion from 'int' to 'float', possible loss of data
pasterx.cpp(2095,19): warning C4244: 'argument': conversion from 'float' to '_Ty', possible loss of data
          with
          [
              _Ty=int
          ]
pasterx.cpp(2096,34): warning C4244: 'argument': conversion from 'float' to '_Ty', possible loss of data
          with
          [
              _Ty=int
          ]
pasterx.cpp(2097,34): warning C4244: 'argument': conversion from 'float' to '_Ty', possible loss of data
          with
          [
              _Ty=int
          ]
pasterx.cpp(2100,37): warning C4244: 'argument': conversion from 'double' to 'float', possible loss of data
pasterx.cpp(2103,40): warning C4244: 'argument': conversion from 'LONG' to 'float', possible loss of data
pasterx.cpp(2103,30): warning C4244: 'argument': conversion from 'LONG' to 'float', possible loss of data
pasterx.cpp(2104,50): warning C4244: 'argument': conversion from 'LONG' to 'float', possible loss of data
pasterx.cpp(2104,33): warning C4244: 'argument': conversion from 'LONG' to 'float', possible loss of data
pasterx.cpp(2105,50): warning C4244: 'argument': conversion from 'LONG' to 'float', possible loss of data
pasterx.cpp(2105,33): warning C4244: 'argument': conversion from 'LONG' to 'float', possible loss of data
pasterx.cpp(2120,57): warning C4244: 'argument': conversion from 'int' to 'float', possible loss of data
pasterx.cpp(2138,56): warning C4305: 'argument': truncation from 'double' to 'T'
          with
          [
              T=float
          ]
pasterx.cpp(2184,28): warning C4244: 'initializing': conversion from 'T' to 'uintptr_t', possible loss of data
          with
          [
              T=float
          ]
pasterx.cpp(2207,15): warning C4456: declaration of 'CurrentVehicle' hides previous local declaration
pasterx.cpp(1985,11): message : see declaration of 'CurrentVehicle'
pasterx.cpp(2244,14): warning C4456: declaration of 'PlayerCameraManager' hides previous local declaration
pasterx.cpp(1975,12): message : see declaration of 'PlayerCameraManager'
pasterx.cpp(2260,113): warning C4244: 'argument': conversion from 'double' to 'int', possible loss of data
pasterx.cpp(2260,69): warning C4244: 'argument': conversion from 'float' to 'int', possible loss of data
pasterx.cpp(2260,56): warning C4244: 'argument': conversion from 'float' to 'int', possible loss of data
pasterx.cpp(2260,52): warning C4244: 'argument': conversion from 'double' to 'int', possible loss of data
pasterx.cpp(2260,24): warning C4244: 'argument': conversion from 'double' to 'int', possible loss of data
pasterx.cpp(2316,75): warning C4244: 'argument': conversion from 'double' to 'int', possible loss of data
pasterx.cpp(2316,60): warning C4244: 'argument': conversion from 'double' to 'int', possible loss of data
pasterx.cpp(2316,47): warning C4244: 'argument': conversion from 'double' to 'int', possible loss of data
pasterx.cpp(2322,69): warning C4244: 'argument': conversion from 'double' to 'int', possible loss of data
pasterx.cpp(2322,53): warning C4244: 'argument': conversion from 'double' to 'int', possible loss of data
pasterx.cpp(2322,40): warning C4244: 'argument': conversion from 'double' to 'int', possible loss of data
pasterx.cpp(2325,67): warning C4244: 'argument': conversion from 'double' to 'int', possible loss of data
pasterx.cpp(2325,53): warning C4244: 'argument': conversion from 'double' to 'int', possible loss of data
pasterx.cpp(2325,40): warning C4244: 'argument': conversion from 'double' to 'int', possible loss of data
pasterx.cpp(2331,122): warning C4244: 'argument': conversion from 'double' to 'int', possible loss of data
pasterx.cpp(2331,81): warning C4244: 'argument': conversion from 'float' to 'int', possible loss of data
pasterx.cpp(2331,68): warning C4244: 'argument': conversion from 'float' to 'int', possible loss of data
pasterx.cpp(2331,64): warning C4244: 'argument': conversion from 'double' to 'int', possible loss of data
pasterx.cpp(2331,34): warning C4244: 'argument': conversion from 'double' to 'int', possible loss of data
pasterx.cpp(2332,80): warning C4244: 'argument': conversion from 'float' to 'int', possible loss of data
pasterx.cpp(2332,67): warning C4244: 'argument': conversion from 'float' to 'int', possible loss of data
pasterx.cpp(2332,63): warning C4244: 'argument': conversion from 'double' to 'int', possible loss of data
pasterx.cpp(2332,33): warning C4244: 'argument': conversion from 'double' to 'int', possible loss of data
pasterx.cpp(2342,66): warning C4244: 'argument': conversion from 'double' to 'float', possible loss of data
pasterx.cpp(2342,52): warning C4244: 'argument': conversion from 'double' to 'float', possible loss of data
pasterx.cpp(2350,66): warning C4244: 'argument': conversion from 'double' to 'int', possible loss of data
pasterx.cpp(2350,50): warning C4244: 'argument': conversion from 'double' to 'int', possible loss of data
pasterx.cpp(2350,40): warning C4244: 'argument': conversion from 'double' to 'int', possible loss of data
pasterx.cpp(2357,29): warning C4244: 'argument': conversion from 'double' to 'float', possible loss of data
pasterx.cpp(2381,101): warning C4244: 'argument': conversion from 'int' to 'float', possible loss of data
pasterx.cpp(2381,88): warning C4244: 'argument': conversion from 'int' to 'float', possible loss of data
pasterx.cpp(2381,65): warning C4244: 'argument': conversion from 'int' to 'float', possible loss of data
pasterx.cpp(2381,53): warning C4244: 'argument': conversion from 'int' to 'float', possible loss of data
pasterx.cpp(2382,101): warning C4244: 'argument': conversion from 'int' to 'float', possible loss of data
pasterx.cpp(2382,88): warning C4244: 'argument': conversion from 'int' to 'float', possible loss of data
pasterx.cpp(2382,65): warning C4244: 'argument': conversion from 'int' to 'float', possible loss of data
pasterx.cpp(2382,53): warning C4244: 'argument': conversion from 'int' to 'float', possible loss of data
pasterx.cpp(2383,100): warning C4244: 'argument': conversion from 'int' to 'float', possible loss of data
pasterx.cpp(2383,84): warning C4244: 'argument': conversion from 'int' to 'float', possible loss of data
pasterx.cpp(2383,65): warning C4244: 'argument': conversion from 'int' to 'float', possible loss of data
pasterx.cpp(2383,53): warning C4244: 'argument': conversion from 'int' to 'float', possible loss of data
pasterx.cpp(2384,100): warning C4244: 'argument': conversion from 'int' to 'float', possible loss of data
pasterx.cpp(2384,84): warning C4244: 'argument': conversion from 'int' to 'float', possible loss of data
pasterx.cpp(2384,65): warning C4244: 'argument': conversion from 'int' to 'float', possible loss of data
pasterx.cpp(2384,53): warning C4244: 'argument': conversion from 'int' to 'float', possible loss of data
pasterx.cpp(1980,8): warning C4189: 'ActorCount': local variable is initialized but not referenced
pasterx.cpp(1979,12): warning C4189: 'Crrneytwep': local variable is initialized but not referenced
pasterx.cpp(1973,12): warning C4189: 'pcmc': local variable is initialized but not referenced
pasterx.cpp(1985,11): warning C4189: 'CurrentVehicle': local variable is initialized but not referenced
pasterx.cpp(1981,12): warning C4189: 'AOFFSETS': local variable is initialized but not referenced
pasterx.cpp(1680,9): warning C4189: 'fovcirclefilled': local variable is initialized but not referenced
pasterx.cpp(1679,8): warning C4189: 'fovcircle': local variable is initialized but not referenced
pasterx.cpp(1686,9): warning C4189: 'fovcirclefilled': local variable is initialized but not referenced
pasterx.cpp(1685,8): warning C4189: 'fovcircle': local variable is initialized but not referenced
pasterx.cpp(1684,8): warning C4189: 'square_fov': local variable is initialized but not referenced
pasterx.cpp(2022,7): warning C4189: 'MyTeamId': local variable is initialized but not referenced
pasterx.cpp(2065,7): warning C4189: 'center_y': local variable is initialized but not referenced
pasterx.cpp(2061,9): warning C4189: 'LeftX': local variable is initialized but not referenced
pasterx.cpp(2062,9): warning C4189: 'LeftY': local variable is initialized but not referenced
pasterx.cpp(2064,7): warning C4189: 'center_x': local variable is initialized but not referenced
pasterx.cpp(2024,7): warning C4189: 'ActorTeamId': local variable is initialized but not referenced
pasterx.cpp(2017,7): warning C4101: 'NewPlayerLocationY': unreferenced local variable
pasterx.cpp(2025,8): warning C4189: 'isDBNO': local variable is initialized but not referenced
pasterx.cpp(2016,7): warning C4101: 'NewPlayerLocationX': unreferenced local variable
pasterx.cpp(2077,18): warning C4101: 'jbjfdbdsf': unreferenced local variable
pasterx.cpp(2077,8): warning C4101: 'oodofdfo': unreferenced local variable
pasterx.cpp(2243,8): warning C4189: 'FOVVALUE': local variable is initialized but not referenced
pasterx.cpp(2557,23): warning C4244: '=': conversion from 'LONG' to 'float', possible loss of data
pasterx.cpp(2558,23): warning C4244: '=': conversion from 'LONG' to 'float', possible loss of data
pasterx.cpp(2590,42): warning C4459: declaration of 'Message' hides global declaration
pasterx.cpp(2516,5): message : see declaration of 'Message'
C:\Users\Paysonism\Downloads\PasterX updated\KURWA BOBER SUKA 1337\reverse\xor.hpp(224,33): warning C4244: '=': conversion from 'int' to 'char', possible loss of data
C:\Users\Paysonism\Downloads\PasterX updated\KURWA BOBER SUKA 1337\reverse\xor.hpp(222,11): message : while compiling class template member function 'char *CXorString<IndexList<0,1,2,3,4,5>>::decrypt(void)'
pasterx.cpp(2425,19): message : see the first reference to 'CXorString<IndexList<0,1,2,3,4,5>>::decrypt' in 'render'
pasterx.cpp(2404,3): message : see reference to class template instantiation 'CXorString<IndexList<0,1,2,3,4,5>>' being compiled
C:\Users\Paysonism\Downloads\PasterX updated\KURWA BOBER SUKA 1337\reverse\ud.h(68,24): warning C4505: 'MouseController::Move_Mouse': unreferenced function with internal linkage has been removed
C:\Users\Paysonism\Downloads\PasterX updated\KURWA BOBER SUKA 1337\reverse\Print.hpp(161,20): warning C4505: 'string_to_timet': unreferenced function with internal linkage has been removed
C:\Users\Paysonism\Downloads\PasterX updated\KURWA BOBER SUKA 1337\reverse\Print.hpp(168,16): warning C4505: 'timet_to_tm': unreferenced function with internal linkage has been removed
pasterx.cpp(1649,13): warning C4505: 'DrawCircleFilled': unreferenced function with internal linkage has been removed
C:\Users\Paysonism\Downloads\PasterX updated\KURWA BOBER SUKA 1337\reverse\pasterx.cpp(810): warning C4723: potential divide by 0
C:\Users\Paysonism\Downloads\PasterX updated\KURWA BOBER SUKA 1337\reverse\pasterx.cpp(810): warning C4723: potential divide by 0
C:\Users\Paysonism\Downloads\PasterX updated\KURWA BOBER SUKA 1337\reverse\pasterx.cpp(2004): warning C4702: unreachable code
C:\Users\Paysonism\Downloads\PasterX updated\KURWA BOBER SUKA 1337\reverse\driver.h(27): warning C4706: assignment within conditional expression
  LINK : /LTCG specified but no code generation required; remove /LTCG from the link command line to improve linker performance
  reverse.vcxproj -> C:\Users\Paysonism\Downloads\PasterX updated\KURWA BOBER SUKA 1337\reverse\build\PasterX Updated.exe
