C:\Program Files\Microsoft Visual Studio\2022\Community\MSBuild\Microsoft\VC\v170\Microsoft.CppBuild.targets(517,5): warning MSB8004: Output Directory does not end with a trailing slash.  This build instance will add the slash as it is required to allow proper evaluation of the Output Directory.
  imgui.cpp
  imgui_draw.cpp
  imgui_impl_dx9.cpp
  imgui_impl_win32.cpp
  imgui_widgets.cpp
Imgui\imgui_widgets.cpp(883,72): warning C4244: 'argument': conversion from 'int' to 'float', possible loss of data
Imgui\imgui_widgets.cpp(883,44): warning C4244: 'argument': conversion from 'int' to 'float', possible loss of data
Imgui\imgui_widgets.cpp(894,20): warning C4244: '=': conversion from 'double' to 'float', possible loss of data
Imgui\imgui_widgets.cpp(896,67): warning C4244: 'argument': conversion from 'int' to 'float', possible loss of data
Imgui\imgui_widgets.cpp(896,48): warning C4244: 'argument': conversion from 'int' to 'float', possible loss of data
Imgui\imgui_widgets.cpp(917,117): warning C4244: 'argument': conversion from 'double' to 'float', possible loss of data
Imgui\imgui_widgets.cpp(917,92): warning C4244: 'argument': conversion from 'double' to 'float', possible loss of data
Imgui\imgui_widgets.cpp(918,31): warning C4305: 'argument': truncation from 'double' to 'float'
Imgui\imgui_widgets.cpp(923,59): warning C4305: 'argument': truncation from 'double' to 'float'
Imgui\imgui_widgets.cpp(923,99): warning C4305: 'argument': truncation from 'double' to 'float'
Imgui\imgui_widgets.cpp(926,75): warning C4305: 'argument': truncation from 'double' to 'float'
  Generating Code...
  pasterx.cpp
C:\Users\Paysonism\Desktop\Updated PasterX by subzerofn\reverse\pasterx.h(141,28): warning C4244: 'return': conversion from 'double' to 'float', possible loss of data
C:\Users\Paysonism\Desktop\Updated PasterX by subzerofn\reverse\pasterx.h(146,31): warning C4244: 'argument': conversion from 'double' to 'float', possible loss of data
C:\Users\Paysonism\Desktop\Updated PasterX by subzerofn\reverse\pasterx.h(146,52): warning C4244: 'argument': conversion from 'double' to 'float', possible loss of data
C:\Users\Paysonism\Desktop\Updated PasterX by subzerofn\reverse\pasterx.h(146,73): warning C4244: 'argument': conversion from 'double' to 'float', possible loss of data
C:\Users\Paysonism\Desktop\Updated PasterX by subzerofn\reverse\pasterx.h(151,38): warning C4244: 'argument': conversion from 'double' to 'float', possible loss of data
C:\Users\Paysonism\Desktop\Updated PasterX by subzerofn\reverse\pasterx.h(151,29): warning C4244: 'argument': conversion from 'double' to 'float', possible loss of data
C:\Users\Paysonism\Desktop\Updated PasterX by subzerofn\reverse\pasterx.h(151,20): warning C4244: 'argument': conversion from 'double' to 'float', possible loss of data
C:\Users\Paysonism\Desktop\Updated PasterX by subzerofn\reverse\pasterx.h(156,38): warning C4244: 'argument': conversion from 'double' to 'float', possible loss of data
C:\Users\Paysonism\Desktop\Updated PasterX by subzerofn\reverse\pasterx.h(156,29): warning C4244: 'argument': conversion from 'double' to 'float', possible loss of data
C:\Users\Paysonism\Desktop\Updated PasterX by subzerofn\reverse\pasterx.h(156,20): warning C4244: 'argument': conversion from 'double' to 'float', possible loss of data
C:\Users\Paysonism\Desktop\Updated PasterX by subzerofn\reverse\pasterx.h(160,44): warning C4244: 'argument': conversion from 'double' to 'float', possible loss of data
C:\Users\Paysonism\Desktop\Updated PasterX by subzerofn\reverse\pasterx.h(160,32): warning C4244: 'argument': conversion from 'double' to 'float', possible loss of data
C:\Users\Paysonism\Desktop\Updated PasterX by subzerofn\reverse\pasterx.h(160,20): warning C4244: 'argument': conversion from 'double' to 'float', possible loss of data
C:\Users\Paysonism\Desktop\Updated PasterX by subzerofn\reverse\pasterx.h(180,22): warning C4244: '=': conversion from 'double' to 'float', possible loss of data
C:\Users\Paysonism\Desktop\Updated PasterX by subzerofn\reverse\pasterx.h(181,22): warning C4244: '=': conversion from 'double' to 'float', possible loss of data
C:\Users\Paysonism\Desktop\Updated PasterX by subzerofn\reverse\pasterx.h(182,22): warning C4244: '=': conversion from 'double' to 'float', possible loss of data
C:\Users\Paysonism\Desktop\Updated PasterX by subzerofn\reverse\pasterx.h(184,12): warning C4244: 'initializing': conversion from 'double' to 'float', possible loss of data
C:\Users\Paysonism\Desktop\Updated PasterX by subzerofn\reverse\pasterx.h(185,12): warning C4244: 'initializing': conversion from 'double' to 'float', possible loss of data
C:\Users\Paysonism\Desktop\Updated PasterX by subzerofn\reverse\pasterx.h(186,12): warning C4244: 'initializing': conversion from 'double' to 'float', possible loss of data
C:\Users\Paysonism\Desktop\Updated PasterX by subzerofn\reverse\pasterx.h(188,13): warning C4244: 'initializing': conversion from 'double' to 'float', possible loss of data
C:\Users\Paysonism\Desktop\Updated PasterX by subzerofn\reverse\pasterx.h(189,13): warning C4244: 'initializing': conversion from 'double' to 'float', possible loss of data
C:\Users\Paysonism\Desktop\Updated PasterX by subzerofn\reverse\pasterx.h(190,13): warning C4244: 'initializing': conversion from 'double' to 'float', possible loss of data
C:\Users\Paysonism\Desktop\Updated PasterX by subzerofn\reverse\pasterx.h(191,32): warning C4244: '=': conversion from 'double' to 'float', possible loss of data
C:\Users\Paysonism\Desktop\Updated PasterX by subzerofn\reverse\pasterx.h(192,32): warning C4244: '=': conversion from 'double' to 'float', possible loss of data
C:\Users\Paysonism\Desktop\Updated PasterX by subzerofn\reverse\pasterx.h(193,32): warning C4244: '=': conversion from 'double' to 'float', possible loss of data
C:\Users\Paysonism\Desktop\Updated PasterX by subzerofn\reverse\pasterx.h(195,13): warning C4244: 'initializing': conversion from 'double' to 'float', possible loss of data
C:\Users\Paysonism\Desktop\Updated PasterX by subzerofn\reverse\pasterx.h(196,13): warning C4244: 'initializing': conversion from 'double' to 'float', possible loss of data
C:\Users\Paysonism\Desktop\Updated PasterX by subzerofn\reverse\pasterx.h(197,23): warning C4244: '=': conversion from 'double' to 'float', possible loss of data
C:\Users\Paysonism\Desktop\Updated PasterX by subzerofn\reverse\pasterx.h(198,23): warning C4244: '=': conversion from 'double' to 'float', possible loss of data
C:\Users\Paysonism\Desktop\Updated PasterX by subzerofn\reverse\pasterx.h(200,13): warning C4244: 'initializing': conversion from 'double' to 'float', possible loss of data
C:\Users\Paysonism\Desktop\Updated PasterX by subzerofn\reverse\pasterx.h(201,13): warning C4244: 'initializing': conversion from 'double' to 'float', possible loss of data
C:\Users\Paysonism\Desktop\Updated PasterX by subzerofn\reverse\pasterx.h(202,23): warning C4244: '=': conversion from 'double' to 'float', possible loss of data
C:\Users\Paysonism\Desktop\Updated PasterX by subzerofn\reverse\pasterx.h(203,23): warning C4244: '=': conversion from 'double' to 'float', possible loss of data
C:\Users\Paysonism\Desktop\Updated PasterX by subzerofn\reverse\pasterx.h(205,13): warning C4244: 'initializing': conversion from 'double' to 'float', possible loss of data
C:\Users\Paysonism\Desktop\Updated PasterX by subzerofn\reverse\pasterx.h(206,13): warning C4244: 'initializing': conversion from 'double' to 'float', possible loss of data
C:\Users\Paysonism\Desktop\Updated PasterX by subzerofn\reverse\pasterx.h(207,23): warning C4244: '=': conversion from 'double' to 'float', possible loss of data
C:\Users\Paysonism\Desktop\Updated PasterX by subzerofn\reverse\pasterx.h(208,23): warning C4244: '=': conversion from 'double' to 'float', possible loss of data
C:\Users\Paysonism\Desktop\Updated PasterX by subzerofn\reverse\pasterx.h(249,58): warning C4267: 'argument': conversion from 'size_t' to 'int', possible loss of data
C:\Program Files (x86)\Windows Kits\10\Include\10.0.22000.0\shared\ntstatus.h(66,1): warning C4005: 'STATUS_WAIT_0': macro redefinition
C:\Program Files (x86)\Windows Kits\10\Include\10.0.22000.0\um\winnt.h(2549,1): message : see previous definition of 'STATUS_WAIT_0'
C:\Program Files (x86)\Windows Kits\10\Include\10.0.22000.0\shared\ntstatus.h(223,1): warning C4005: 'STATUS_ABANDONED_WAIT_0': macro redefinition
C:\Program Files (x86)\Windows Kits\10\Include\10.0.22000.0\um\winnt.h(2550,1): message : see previous definition of 'STATUS_ABANDONED_WAIT_0'
C:\Program Files (x86)\Windows Kits\10\Include\10.0.22000.0\shared\ntstatus.h(246,1): warning C4005: 'STATUS_USER_APC': macro redefinition
C:\Program Files (x86)\Windows Kits\10\Include\10.0.22000.0\um\winnt.h(2551,1): message : see previous definition of 'STATUS_USER_APC'
C:\Program Files (x86)\Windows Kits\10\Include\10.0.22000.0\shared\ntstatus.h(282,1): warning C4005: 'STATUS_TIMEOUT': macro redefinition
C:\Program Files (x86)\Windows Kits\10\Include\10.0.22000.0\um\winnt.h(2552,1): message : see previous definition of 'STATUS_TIMEOUT'
C:\Program Files (x86)\Windows Kits\10\Include\10.0.22000.0\shared\ntstatus.h(291,1): warning C4005: 'STATUS_PENDING': macro redefinition
C:\Program Files (x86)\Windows Kits\10\Include\10.0.22000.0\um\winnt.h(2553,1): message : see previous definition of 'STATUS_PENDING'
C:\Program Files (x86)\Windows Kits\10\Include\10.0.22000.0\shared\ntstatus.h(738,1): warning C4005: 'DBG_EXCEPTION_HANDLED': macro redefinition
C:\Program Files (x86)\Windows Kits\10\Include\10.0.22000.0\um\winnt.h(2554,1): message : see previous definition of 'DBG_EXCEPTION_HANDLED'
C:\Program Files (x86)\Windows Kits\10\Include\10.0.22000.0\shared\ntstatus.h(747,1): warning C4005: 'DBG_CONTINUE': macro redefinition
C:\Program Files (x86)\Windows Kits\10\Include\10.0.22000.0\um\winnt.h(2555,1): message : see previous definition of 'DBG_CONTINUE'
C:\Program Files (x86)\Windows Kits\10\Include\10.0.22000.0\shared\ntstatus.h(822,1): warning C4005: 'STATUS_SEGMENT_NOTIFICATION': macro redefinition
C:\Program Files (x86)\Windows Kits\10\Include\10.0.22000.0\um\winnt.h(2556,1): message : see previous definition of 'STATUS_SEGMENT_NOTIFICATION'
C:\Program Files (x86)\Windows Kits\10\Include\10.0.22000.0\shared\ntstatus.h(985,1): warning C4005: 'STATUS_FATAL_APP_EXIT': macro redefinition
C:\Program Files (x86)\Windows Kits\10\Include\10.0.22000.0\um\winnt.h(2557,1): message : see previous definition of 'STATUS_FATAL_APP_EXIT'
C:\Program Files (x86)\Windows Kits\10\Include\10.0.22000.0\shared\ntstatus.h(1323,1): warning C4005: 'DBG_REPLY_LATER': macro redefinition
C:\Program Files (x86)\Windows Kits\10\Include\10.0.22000.0\um\winnt.h(2558,1): message : see previous definition of 'DBG_REPLY_LATER'
C:\Program Files (x86)\Windows Kits\10\Include\10.0.22000.0\shared\ntstatus.h(1341,1): warning C4005: 'DBG_TERMINATE_THREAD': macro redefinition
C:\Program Files (x86)\Windows Kits\10\Include\10.0.22000.0\um\winnt.h(2559,1): message : see previous definition of 'DBG_TERMINATE_THREAD'
C:\Program Files (x86)\Windows Kits\10\Include\10.0.22000.0\shared\ntstatus.h(1350,1): warning C4005: 'DBG_TERMINATE_PROCESS': macro redefinition
C:\Program Files (x86)\Windows Kits\10\Include\10.0.22000.0\um\winnt.h(2560,1): message : see previous definition of 'DBG_TERMINATE_PROCESS'
C:\Program Files (x86)\Windows Kits\10\Include\10.0.22000.0\shared\ntstatus.h(1359,1): warning C4005: 'DBG_CONTROL_C': macro redefinition
C:\Program Files (x86)\Windows Kits\10\Include\10.0.22000.0\um\winnt.h(2561,1): message : see previous definition of 'DBG_CONTROL_C'
C:\Program Files (x86)\Windows Kits\10\Include\10.0.22000.0\shared\ntstatus.h(1368,1): warning C4005: 'DBG_PRINTEXCEPTION_C': macro redefinition
C:\Program Files (x86)\Windows Kits\10\Include\10.0.22000.0\um\winnt.h(2562,1): message : see previous definition of 'DBG_PRINTEXCEPTION_C'
C:\Program Files (x86)\Windows Kits\10\Include\10.0.22000.0\shared\ntstatus.h(1377,1): warning C4005: 'DBG_RIPEXCEPTION': macro redefinition
C:\Program Files (x86)\Windows Kits\10\Include\10.0.22000.0\um\winnt.h(2563,1): message : see previous definition of 'DBG_RIPEXCEPTION'
C:\Program Files (x86)\Windows Kits\10\Include\10.0.22000.0\shared\ntstatus.h(1386,1): warning C4005: 'DBG_CONTROL_BREAK': macro redefinition
C:\Program Files (x86)\Windows Kits\10\Include\10.0.22000.0\um\winnt.h(2564,1): message : see previous definition of 'DBG_CONTROL_BREAK'
C:\Program Files (x86)\Windows Kits\10\Include\10.0.22000.0\shared\ntstatus.h(1395,1): warning C4005: 'DBG_COMMAND_EXCEPTION': macro redefinition
C:\Program Files (x86)\Windows Kits\10\Include\10.0.22000.0\um\winnt.h(2565,1): message : see previous definition of 'DBG_COMMAND_EXCEPTION'
C:\Program Files (x86)\Windows Kits\10\Include\10.0.22000.0\shared\ntstatus.h(1404,1): warning C4005: 'DBG_PRINTEXCEPTION_WIDE_C': macro redefinition
C:\Program Files (x86)\Windows Kits\10\Include\10.0.22000.0\um\winnt.h(2566,1): message : see previous definition of 'DBG_PRINTEXCEPTION_WIDE_C'
C:\Program Files (x86)\Windows Kits\10\Include\10.0.22000.0\shared\ntstatus.h(1436,1): warning C4005: 'STATUS_GUARD_PAGE_VIOLATION': macro redefinition
C:\Program Files (x86)\Windows Kits\10\Include\10.0.22000.0\um\winnt.h(2567,1): message : see previous definition of 'STATUS_GUARD_PAGE_VIOLATION'
C:\Program Files (x86)\Windows Kits\10\Include\10.0.22000.0\shared\ntstatus.h(1447,1): warning C4005: 'STATUS_DATATYPE_MISALIGNMENT': macro redefinition
C:\Program Files (x86)\Windows Kits\10\Include\10.0.22000.0\um\winnt.h(2568,1): message : see previous definition of 'STATUS_DATATYPE_MISALIGNMENT'
C:\Program Files (x86)\Windows Kits\10\Include\10.0.22000.0\shared\ntstatus.h(1458,1): warning C4005: 'STATUS_BREAKPOINT': macro redefinition
C:\Program Files (x86)\Windows Kits\10\Include\10.0.22000.0\um\winnt.h(2569,1): message : see previous definition of 'STATUS_BREAKPOINT'
C:\Program Files (x86)\Windows Kits\10\Include\10.0.22000.0\shared\ntstatus.h(1469,1): warning C4005: 'STATUS_SINGLE_STEP': macro redefinition
C:\Program Files (x86)\Windows Kits\10\Include\10.0.22000.0\um\winnt.h(2570,1): message : see previous definition of 'STATUS_SINGLE_STEP'
C:\Program Files (x86)\Windows Kits\10\Include\10.0.22000.0\shared\ntstatus.h(1772,1): warning C4005: 'STATUS_LONGJUMP': macro redefinition
C:\Program Files (x86)\Windows Kits\10\Include\10.0.22000.0\um\winnt.h(2571,1): message : see previous definition of 'STATUS_LONGJUMP'
C:\Program Files (x86)\Windows Kits\10\Include\10.0.22000.0\shared\ntstatus.h(1799,1): warning C4005: 'STATUS_UNWIND_CONSOLIDATE': macro redefinition
C:\Program Files (x86)\Windows Kits\10\Include\10.0.22000.0\um\winnt.h(2572,1): message : see previous definition of 'STATUS_UNWIND_CONSOLIDATE'
C:\Program Files (x86)\Windows Kits\10\Include\10.0.22000.0\shared\ntstatus.h(1914,1): warning C4005: 'DBG_EXCEPTION_NOT_HANDLED': macro redefinition
C:\Program Files (x86)\Windows Kits\10\Include\10.0.22000.0\um\winnt.h(2573,1): message : see previous definition of 'DBG_EXCEPTION_NOT_HANDLED'
C:\Program Files (x86)\Windows Kits\10\Include\10.0.22000.0\shared\ntstatus.h(2060,1): warning C4005: 'STATUS_ACCESS_VIOLATION': macro redefinition
C:\Program Files (x86)\Windows Kits\10\Include\10.0.22000.0\um\winnt.h(2574,1): message : see previous definition of 'STATUS_ACCESS_VIOLATION'
C:\Program Files (x86)\Windows Kits\10\Include\10.0.22000.0\shared\ntstatus.h(2069,1): warning C4005: 'STATUS_IN_PAGE_ERROR': macro redefinition
C:\Program Files (x86)\Windows Kits\10\Include\10.0.22000.0\um\winnt.h(2575,1): message : see previous definition of 'STATUS_IN_PAGE_ERROR'
C:\Program Files (x86)\Windows Kits\10\Include\10.0.22000.0\shared\ntstatus.h(2087,1): warning C4005: 'STATUS_INVALID_HANDLE': macro redefinition
C:\Program Files (x86)\Windows Kits\10\Include\10.0.22000.0\um\winnt.h(2576,1): message : see previous definition of 'STATUS_INVALID_HANDLE'
C:\Program Files (x86)\Windows Kits\10\Include\10.0.22000.0\shared\ntstatus.h(2132,1): warning C4005: 'STATUS_INVALID_PARAMETER': macro redefinition
C:\Program Files (x86)\Windows Kits\10\Include\10.0.22000.0\um\winnt.h(2577,1): message : see previous definition of 'STATUS_INVALID_PARAMETER'
C:\Program Files (x86)\Windows Kits\10\Include\10.0.22000.0\shared\ntstatus.h(2232,1): warning C4005: 'STATUS_NO_MEMORY': macro redefinition
C:\Program Files (x86)\Windows Kits\10\Include\10.0.22000.0\um\winnt.h(2578,1): message : see previous definition of 'STATUS_NO_MEMORY'
C:\Program Files (x86)\Windows Kits\10\Include\10.0.22000.0\shared\ntstatus.h(2289,1): warning C4005: 'STATUS_ILLEGAL_INSTRUCTION': macro redefinition
C:\Program Files (x86)\Windows Kits\10\Include\10.0.22000.0\um\winnt.h(2579,1): message : see previous definition of 'STATUS_ILLEGAL_INSTRUCTION'
C:\Program Files (x86)\Windows Kits\10\Include\10.0.22000.0\shared\ntstatus.h(2370,1): warning C4005: 'STATUS_NONCONTINUABLE_EXCEPTION': macro redefinition
C:\Program Files (x86)\Windows Kits\10\Include\10.0.22000.0\um\winnt.h(2580,1): message : see previous definition of 'STATUS_NONCONTINUABLE_EXCEPTION'
C:\Program Files (x86)\Windows Kits\10\Include\10.0.22000.0\shared\ntstatus.h(2379,1): warning C4005: 'STATUS_INVALID_DISPOSITION': macro redefinition
C:\Program Files (x86)\Windows Kits\10\Include\10.0.22000.0\um\winnt.h(2581,1): message : see previous definition of 'STATUS_INVALID_DISPOSITION'
C:\Program Files (x86)\Windows Kits\10\Include\10.0.22000.0\shared\ntstatus.h(3312,1): warning C4005: 'STATUS_ARRAY_BOUNDS_EXCEEDED': macro redefinition
C:\Program Files (x86)\Windows Kits\10\Include\10.0.22000.0\um\winnt.h(2582,1): message : see previous definition of 'STATUS_ARRAY_BOUNDS_EXCEEDED'
C:\Program Files (x86)\Windows Kits\10\Include\10.0.22000.0\shared\ntstatus.h(3322,1): warning C4005: 'STATUS_FLOAT_DENORMAL_OPERAND': macro redefinition
C:\Program Files (x86)\Windows Kits\10\Include\10.0.22000.0\um\winnt.h(2583,1): message : see previous definition of 'STATUS_FLOAT_DENORMAL_OPERAND'
C:\Program Files (x86)\Windows Kits\10\Include\10.0.22000.0\shared\ntstatus.h(3332,1): warning C4005: 'STATUS_FLOAT_DIVIDE_BY_ZERO': macro redefinition
C:\Program Files (x86)\Windows Kits\10\Include\10.0.22000.0\um\winnt.h(2584,1): message : see previous definition of 'STATUS_FLOAT_DIVIDE_BY_ZERO'
C:\Program Files (x86)\Windows Kits\10\Include\10.0.22000.0\shared\ntstatus.h(3342,1): warning C4005: 'STATUS_FLOAT_INEXACT_RESULT': macro redefinition
C:\Program Files (x86)\Windows Kits\10\Include\10.0.22000.0\um\winnt.h(2585,1): message : see previous definition of 'STATUS_FLOAT_INEXACT_RESULT'
C:\Program Files (x86)\Windows Kits\10\Include\10.0.22000.0\shared\ntstatus.h(3352,1): warning C4005: 'STATUS_FLOAT_INVALID_OPERATION': macro redefinition
C:\Program Files (x86)\Windows Kits\10\Include\10.0.22000.0\um\winnt.h(2586,1): message : see previous definition of 'STATUS_FLOAT_INVALID_OPERATION'
C:\Program Files (x86)\Windows Kits\10\Include\10.0.22000.0\shared\ntstatus.h(3362,1): warning C4005: 'STATUS_FLOAT_OVERFLOW': macro redefinition
C:\Program Files (x86)\Windows Kits\10\Include\10.0.22000.0\um\winnt.h(2587,1): message : see previous definition of 'STATUS_FLOAT_OVERFLOW'
C:\Program Files (x86)\Windows Kits\10\Include\10.0.22000.0\shared\ntstatus.h(3372,1): warning C4005: 'STATUS_FLOAT_STACK_CHECK': macro redefinition
C:\Program Files (x86)\Windows Kits\10\Include\10.0.22000.0\um\winnt.h(2588,1): message : see previous definition of 'STATUS_FLOAT_STACK_CHECK'
C:\Program Files (x86)\Windows Kits\10\Include\10.0.22000.0\shared\ntstatus.h(3382,1): warning C4005: 'STATUS_FLOAT_UNDERFLOW': macro redefinition
C:\Program Files (x86)\Windows Kits\10\Include\10.0.22000.0\um\winnt.h(2589,1): message : see previous definition of 'STATUS_FLOAT_UNDERFLOW'
C:\Program Files (x86)\Windows Kits\10\Include\10.0.22000.0\shared\ntstatus.h(3392,1): warning C4005: 'STATUS_INTEGER_DIVIDE_BY_ZERO': macro redefinition
C:\Program Files (x86)\Windows Kits\10\Include\10.0.22000.0\um\winnt.h(2590,1): message : see previous definition of 'STATUS_INTEGER_DIVIDE_BY_ZERO'
C:\Program Files (x86)\Windows Kits\10\Include\10.0.22000.0\shared\ntstatus.h(3402,1): warning C4005: 'STATUS_INTEGER_OVERFLOW': macro redefinition
C:\Program Files (x86)\Windows Kits\10\Include\10.0.22000.0\um\winnt.h(2591,1): message : see previous definition of 'STATUS_INTEGER_OVERFLOW'
C:\Program Files (x86)\Windows Kits\10\Include\10.0.22000.0\shared\ntstatus.h(3412,1): warning C4005: 'STATUS_PRIVILEGED_INSTRUCTION': macro redefinition
C:\Program Files (x86)\Windows Kits\10\Include\10.0.22000.0\um\winnt.h(2592,1): message : see previous definition of 'STATUS_PRIVILEGED_INSTRUCTION'
C:\Program Files (x86)\Windows Kits\10\Include\10.0.22000.0\shared\ntstatus.h(4358,1): warning C4005: 'STATUS_STACK_OVERFLOW': macro redefinition
C:\Program Files (x86)\Windows Kits\10\Include\10.0.22000.0\um\winnt.h(2593,1): message : see previous definition of 'STATUS_STACK_OVERFLOW'
C:\Program Files (x86)\Windows Kits\10\Include\10.0.22000.0\shared\ntstatus.h(4875,1): warning C4005: 'STATUS_DLL_NOT_FOUND': macro redefinition
C:\Program Files (x86)\Windows Kits\10\Include\10.0.22000.0\um\winnt.h(2594,1): message : see previous definition of 'STATUS_DLL_NOT_FOUND'
C:\Program Files (x86)\Windows Kits\10\Include\10.0.22000.0\shared\ntstatus.h(4904,1): warning C4005: 'STATUS_ORDINAL_NOT_FOUND': macro redefinition
C:\Program Files (x86)\Windows Kits\10\Include\10.0.22000.0\um\winnt.h(2595,1): message : see previous definition of 'STATUS_ORDINAL_NOT_FOUND'
C:\Program Files (x86)\Windows Kits\10\Include\10.0.22000.0\shared\ntstatus.h(4914,1): warning C4005: 'STATUS_ENTRYPOINT_NOT_FOUND': macro redefinition
C:\Program Files (x86)\Windows Kits\10\Include\10.0.22000.0\um\winnt.h(2596,1): message : see previous definition of 'STATUS_ENTRYPOINT_NOT_FOUND'
C:\Program Files (x86)\Windows Kits\10\Include\10.0.22000.0\shared\ntstatus.h(4924,1): warning C4005: 'STATUS_CONTROL_C_EXIT': macro redefinition
C:\Program Files (x86)\Windows Kits\10\Include\10.0.22000.0\um\winnt.h(2597,1): message : see previous definition of 'STATUS_CONTROL_C_EXIT'
C:\Program Files (x86)\Windows Kits\10\Include\10.0.22000.0\shared\ntstatus.h(5002,1): warning C4005: 'STATUS_DLL_INIT_FAILED': macro redefinition
C:\Program Files (x86)\Windows Kits\10\Include\10.0.22000.0\um\winnt.h(2598,1): message : see previous definition of 'STATUS_DLL_INIT_FAILED'
C:\Program Files (x86)\Windows Kits\10\Include\10.0.22000.0\shared\ntstatus.h(5999,1): warning C4005: 'STATUS_CONTROL_STACK_VIOLATION': macro redefinition
C:\Program Files (x86)\Windows Kits\10\Include\10.0.22000.0\um\winnt.h(2599,1): message : see previous definition of 'STATUS_CONTROL_STACK_VIOLATION'
C:\Program Files (x86)\Windows Kits\10\Include\10.0.22000.0\shared\ntstatus.h(7593,1): warning C4005: 'STATUS_FLOAT_MULTIPLE_FAULTS': macro redefinition
C:\Program Files (x86)\Windows Kits\10\Include\10.0.22000.0\um\winnt.h(2600,1): message : see previous definition of 'STATUS_FLOAT_MULTIPLE_FAULTS'
C:\Program Files (x86)\Windows Kits\10\Include\10.0.22000.0\shared\ntstatus.h(7603,1): warning C4005: 'STATUS_FLOAT_MULTIPLE_TRAPS': macro redefinition
C:\Program Files (x86)\Windows Kits\10\Include\10.0.22000.0\um\winnt.h(2601,1): message : see previous definition of 'STATUS_FLOAT_MULTIPLE_TRAPS'
C:\Program Files (x86)\Windows Kits\10\Include\10.0.22000.0\shared\ntstatus.h(7735,1): warning C4005: 'STATUS_REG_NAT_CONSUMPTION': macro redefinition
C:\Program Files (x86)\Windows Kits\10\Include\10.0.22000.0\um\winnt.h(2602,1): message : see previous definition of 'STATUS_REG_NAT_CONSUMPTION'
C:\Program Files (x86)\Windows Kits\10\Include\10.0.22000.0\shared\ntstatus.h(8718,1): warning C4005: 'STATUS_HEAP_CORRUPTION': macro redefinition
C:\Program Files (x86)\Windows Kits\10\Include\10.0.22000.0\um\winnt.h(2603,1): message : see previous definition of 'STATUS_HEAP_CORRUPTION'
C:\Program Files (x86)\Windows Kits\10\Include\10.0.22000.0\shared\ntstatus.h(8946,1): warning C4005: 'STATUS_STACK_BUFFER_OVERRUN': macro redefinition
C:\Program Files (x86)\Windows Kits\10\Include\10.0.22000.0\um\winnt.h(2604,1): message : see previous definition of 'STATUS_STACK_BUFFER_OVERRUN'
C:\Program Files (x86)\Windows Kits\10\Include\10.0.22000.0\shared\ntstatus.h(9073,1): warning C4005: 'STATUS_INVALID_CRUNTIME_PARAMETER': macro redefinition
C:\Program Files (x86)\Windows Kits\10\Include\10.0.22000.0\um\winnt.h(2605,1): message : see previous definition of 'STATUS_INVALID_CRUNTIME_PARAMETER'
C:\Program Files (x86)\Windows Kits\10\Include\10.0.22000.0\shared\ntstatus.h(9136,1): warning C4005: 'STATUS_ASSERTION_FAILURE': macro redefinition
C:\Program Files (x86)\Windows Kits\10\Include\10.0.22000.0\um\winnt.h(2606,1): message : see previous definition of 'STATUS_ASSERTION_FAILURE'
C:\Program Files (x86)\Windows Kits\10\Include\10.0.22000.0\shared\ntstatus.h(10045,1): warning C4005: 'STATUS_ENCLAVE_VIOLATION': macro redefinition
C:\Program Files (x86)\Windows Kits\10\Include\10.0.22000.0\um\winnt.h(2607,1): message : see previous definition of 'STATUS_ENCLAVE_VIOLATION'
C:\Program Files (x86)\Windows Kits\10\Include\10.0.22000.0\shared\ntstatus.h(10697,1): warning C4005: 'STATUS_INTERRUPTED': macro redefinition
C:\Program Files (x86)\Windows Kits\10\Include\10.0.22000.0\um\winnt.h(2608,1): message : see previous definition of 'STATUS_INTERRUPTED'
C:\Program Files (x86)\Windows Kits\10\Include\10.0.22000.0\shared\ntstatus.h(10706,1): warning C4005: 'STATUS_THREAD_NOT_RUNNING': macro redefinition
C:\Program Files (x86)\Windows Kits\10\Include\10.0.22000.0\um\winnt.h(2609,1): message : see previous definition of 'STATUS_THREAD_NOT_RUNNING'
C:\Program Files (x86)\Windows Kits\10\Include\10.0.22000.0\shared\ntstatus.h(11018,1): warning C4005: 'STATUS_ALREADY_REGISTERED': macro redefinition
C:\Program Files (x86)\Windows Kits\10\Include\10.0.22000.0\um\winnt.h(2610,1): message : see previous definition of 'STATUS_ALREADY_REGISTERED'
C:\Program Files (x86)\Windows Kits\10\Include\10.0.22000.0\shared\ntstatus.h(14865,1): warning C4005: 'STATUS_SXS_EARLY_DEACTIVATION': macro redefinition
C:\Program Files (x86)\Windows Kits\10\Include\10.0.22000.0\um\winnt.h(2612,1): message : see previous definition of 'STATUS_SXS_EARLY_DEACTIVATION'
C:\Program Files (x86)\Windows Kits\10\Include\10.0.22000.0\shared\ntstatus.h(14874,1): warning C4005: 'STATUS_SXS_INVALID_DEACTIVATION': macro redefinition
C:\Program Files (x86)\Windows Kits\10\Include\10.0.22000.0\um\winnt.h(2613,1): message : see previous definition of 'STATUS_SXS_INVALID_DEACTIVATION'
C:\Program Files (x86)\Windows Kits\10\Include\10.0.22000.0\um\uxtheme.h(1600,57): warning C4459: declaration of 'hwnd' hides global declaration
C:\Users\Paysonism\Desktop\Updated PasterX by subzerofn\reverse\pasterx.h(27,6): message : see declaration of 'hwnd'
C:\Users\Paysonism\Desktop\Updated PasterX by subzerofn\reverse\driver.h(25,33): warning C4129: 'S': unrecognized character escape sequence
C:\Users\Paysonism\Desktop\Updated PasterX by subzerofn\reverse\driver.h(32,17): warning C4312: 'type cast': conversion from 'DWORD' to 'PVOID' of greater size
C:\Users\Paysonism\Desktop\Updated PasterX by subzerofn\reverse\driver.h(108,47): warning C4458: declaration of 'ProcessId' hides class member
C:\Users\Paysonism\Desktop\Updated PasterX by subzerofn\reverse\driver.h(21,7): message : see declaration of 'Driver::ProcessId'
C:\Users\Paysonism\Desktop\Updated PasterX by subzerofn\reverse\xor.hpp(211,22): warning C4244: 'return': conversion from 'int' to 'char', possible loss of data
C:\Users\Paysonism\Desktop\Updated PasterX by subzerofn\reverse\Keybind.h(55,22): warning C4100: 'blank': unreferenced formal parameter
C:\Users\Paysonism\Desktop\Updated PasterX by subzerofn\reverse\Keybind.h(71,24): warning C4100: 'blank': unreferenced formal parameter
C:\Users\Paysonism\Desktop\Updated PasterX by subzerofn\reverse\Keybind.h(87,25): warning C4100: 'blank': unreferenced formal parameter
C:\Users\Paysonism\Desktop\Updated PasterX by subzerofn\reverse\Keybind.h(103,23): warning C4100: 'blank': unreferenced formal parameter
C:\Users\Paysonism\Desktop\Updated PasterX by subzerofn\reverse\Keybind.h(119,26): warning C4100: 'blank': unreferenced formal parameter
C:\Users\Paysonism\Desktop\Updated PasterX by subzerofn\reverse\Keybind.h(785,14): warning C4459: declaration of 'aimkeys' hides global declaration
C:\Users\Paysonism\Desktop\Updated PasterX by subzerofn\reverse\pasterx.h(43,20): message : see declaration of 'aimkeys'
C:\Users\Paysonism\Desktop\Updated PasterX by subzerofn\reverse\json.hpp(5937,58): warning C4459: declaration of 'h' hides global declaration
C:\Users\Paysonism\Desktop\Updated PasterX by subzerofn\reverse\Print.hpp(13,8): message : see declaration of 'h'
C:\Users\Paysonism\Desktop\Updated PasterX by subzerofn\reverse\json.hpp(9131,42): warning C4459: declaration of 'num' hides global declaration
C:\Users\Paysonism\Desktop\Updated PasterX by subzerofn\reverse\Print.hpp(14,5): message : see declaration of 'num'
C:\Users\Paysonism\Desktop\Updated PasterX by subzerofn\reverse\json.hpp(16959,29): warning C4459: declaration of 'h' hides global declaration
C:\Users\Paysonism\Desktop\Updated PasterX by subzerofn\reverse\Print.hpp(13,8): message : see declaration of 'h'
pasterx.cpp(45,22): warning C4244: 'return': conversion from 'double' to 'float', possible loss of data
pasterx.cpp(49,22): warning C4244: 'return': conversion from 'double' to 'float', possible loss of data
pasterx.cpp(96,21): warning C4305: 'initializing': truncation from 'double' to 'float'
pasterx.cpp(137,59): warning C4099: 'Vector3': type name first seen using 'class' now seen using 'struct'
C:\Users\Paysonism\Desktop\Updated PasterX by subzerofn\reverse\pasterx.h(118,7): message : see declaration of 'Vector3'
pasterx.cpp(138,62): warning C4099: 'Vector3': type name first seen using 'class' now seen using 'struct'
C:\Users\Paysonism\Desktop\Updated PasterX by subzerofn\reverse\pasterx.h(118,7): message : see declaration of 'Vector3'
pasterx.cpp(440,17): warning C4244: 'initializing': conversion from 'double' to 'float', possible loss of data
pasterx.cpp(441,15): warning C4244: 'initializing': conversion from 'double' to 'float', possible loss of data
pasterx.cpp(442,16): warning C4244: 'initializing': conversion from 'double' to 'float', possible loss of data
pasterx.cpp(467,25): warning C4244: '=': conversion from 'double' to 'float', possible loss of data
pasterx.cpp(468,25): warning C4244: '=': conversion from 'double' to 'float', possible loss of data
pasterx.cpp(469,25): warning C4244: '=': conversion from 'double' to 'float', possible loss of data
pasterx.cpp(636,11): warning C4244: '+=': conversion from 'int' to 'char', possible loss of data
pasterx.cpp(655,156): warning C4244: 'argument': conversion from 'double' to 'float', possible loss of data
pasterx.cpp(655,32): warning C4244: 'argument': conversion from 'double' to 'float', possible loss of data
pasterx.cpp(666,119): warning C4305: 'argument': truncation from 'double' to 'float'
pasterx.cpp(666,108): warning C4305: 'argument': truncation from 'double' to 'float'
pasterx.cpp(666,97): warning C4305: 'argument': truncation from 'double' to 'float'
pasterx.cpp(666,51): warning C4244: 'argument': conversion from 'int' to 'float', possible loss of data
pasterx.cpp(666,46): warning C4244: 'argument': conversion from 'int' to 'float', possible loss of data
pasterx.cpp(667,119): warning C4305: 'argument': truncation from 'double' to 'float'
pasterx.cpp(667,108): warning C4305: 'argument': truncation from 'double' to 'float'
pasterx.cpp(667,97): warning C4305: 'argument': truncation from 'double' to 'float'
pasterx.cpp(667,51): warning C4244: 'argument': conversion from 'int' to 'float', possible loss of data
pasterx.cpp(667,46): warning C4244: 'argument': conversion from 'int' to 'float', possible loss of data
pasterx.cpp(668,119): warning C4305: 'argument': truncation from 'double' to 'float'
pasterx.cpp(668,108): warning C4305: 'argument': truncation from 'double' to 'float'
pasterx.cpp(668,97): warning C4305: 'argument': truncation from 'double' to 'float'
pasterx.cpp(668,53): warning C4244: 'argument': conversion from 'int' to 'float', possible loss of data
pasterx.cpp(668,48): warning C4244: 'argument': conversion from 'int' to 'float', possible loss of data
pasterx.cpp(669,119): warning C4305: 'argument': truncation from 'double' to 'float'
pasterx.cpp(669,108): warning C4305: 'argument': truncation from 'double' to 'float'
pasterx.cpp(669,97): warning C4305: 'argument': truncation from 'double' to 'float'
pasterx.cpp(669,53): warning C4244: 'argument': conversion from 'int' to 'float', possible loss of data
pasterx.cpp(669,48): warning C4244: 'argument': conversion from 'int' to 'float', possible loss of data
pasterx.cpp(670,49): warning C4244: 'argument': conversion from 'int' to 'float', possible loss of data
pasterx.cpp(670,46): warning C4244: 'argument': conversion from 'int' to 'float', possible loss of data
pasterx.cpp(706,96): warning C4244: 'argument': conversion from 'double' to 'float', possible loss of data
pasterx.cpp(706,84): warning C4244: 'argument': conversion from 'double' to 'float', possible loss of data
pasterx.cpp(706,64): warning C4244: 'argument': conversion from 'double' to 'float', possible loss of data
pasterx.cpp(706,53): warning C4244: 'argument': conversion from 'double' to 'float', possible loss of data
pasterx.cpp(707,114): warning C4244: 'argument': conversion from 'double' to 'float', possible loss of data
pasterx.cpp(707,102): warning C4244: 'argument': conversion from 'double' to 'float', possible loss of data
pasterx.cpp(707,82): warning C4244: 'argument': conversion from 'double' to 'float', possible loss of data
pasterx.cpp(707,62): warning C4244: 'argument': conversion from 'double' to 'float', possible loss of data
pasterx.cpp(708,116): warning C4244: 'argument': conversion from 'double' to 'float', possible loss of data
pasterx.cpp(708,104): warning C4244: 'argument': conversion from 'double' to 'float', possible loss of data
pasterx.cpp(708,84): warning C4244: 'argument': conversion from 'double' to 'float', possible loss of data
pasterx.cpp(708,63): warning C4244: 'argument': conversion from 'double' to 'float', possible loss of data
pasterx.cpp(709,122): warning C4244: 'argument': conversion from 'double' to 'float', possible loss of data
pasterx.cpp(709,102): warning C4244: 'argument': conversion from 'double' to 'float', possible loss of data
pasterx.cpp(709,74): warning C4244: 'argument': conversion from 'double' to 'float', possible loss of data
pasterx.cpp(709,58): warning C4244: 'argument': conversion from 'double' to 'float', possible loss of data
pasterx.cpp(710,126): warning C4244: 'argument': conversion from 'double' to 'float', possible loss of data
pasterx.cpp(710,105): warning C4244: 'argument': conversion from 'double' to 'float', possible loss of data
pasterx.cpp(710,76): warning C4244: 'argument': conversion from 'double' to 'float', possible loss of data
pasterx.cpp(710,59): warning C4244: 'argument': conversion from 'double' to 'float', possible loss of data
pasterx.cpp(711,116): warning C4244: 'argument': conversion from 'double' to 'float', possible loss of data
pasterx.cpp(711,99): warning C4244: 'argument': conversion from 'double' to 'float', possible loss of data
pasterx.cpp(711,74): warning C4244: 'argument': conversion from 'double' to 'float', possible loss of data
pasterx.cpp(711,58): warning C4244: 'argument': conversion from 'double' to 'float', possible loss of data
pasterx.cpp(712,120): warning C4244: 'argument': conversion from 'double' to 'float', possible loss of data
pasterx.cpp(712,102): warning C4244: 'argument': conversion from 'double' to 'float', possible loss of data
pasterx.cpp(712,76): warning C4244: 'argument': conversion from 'double' to 'float', possible loss of data
pasterx.cpp(712,59): warning C4244: 'argument': conversion from 'double' to 'float', possible loss of data
pasterx.cpp(713,106): warning C4244: 'argument': conversion from 'double' to 'float', possible loss of data
pasterx.cpp(713,95): warning C4244: 'argument': conversion from 'double' to 'float', possible loss of data
pasterx.cpp(713,76): warning C4244: 'argument': conversion from 'double' to 'float', possible loss of data
pasterx.cpp(713,59): warning C4244: 'argument': conversion from 'double' to 'float', possible loss of data
pasterx.cpp(714,108): warning C4244: 'argument': conversion from 'double' to 'float', possible loss of data
pasterx.cpp(714,97): warning C4244: 'argument': conversion from 'double' to 'float', possible loss of data
pasterx.cpp(714,78): warning C4244: 'argument': conversion from 'double' to 'float', possible loss of data
pasterx.cpp(714,60): warning C4244: 'argument': conversion from 'double' to 'float', possible loss of data
pasterx.cpp(715,116): warning C4244: 'argument': conversion from 'double' to 'float', possible loss of data
pasterx.cpp(715,99): warning C4244: 'argument': conversion from 'double' to 'float', possible loss of data
pasterx.cpp(715,74): warning C4244: 'argument': conversion from 'double' to 'float', possible loss of data
pasterx.cpp(715,58): warning C4244: 'argument': conversion from 'double' to 'float', possible loss of data
pasterx.cpp(716,120): warning C4244: 'argument': conversion from 'double' to 'float', possible loss of data
pasterx.cpp(716,102): warning C4244: 'argument': conversion from 'double' to 'float', possible loss of data
pasterx.cpp(716,76): warning C4244: 'argument': conversion from 'double' to 'float', possible loss of data
pasterx.cpp(716,59): warning C4244: 'argument': conversion from 'double' to 'float', possible loss of data
pasterx.cpp(717,114): warning C4244: 'argument': conversion from 'double' to 'float', possible loss of data
pasterx.cpp(717,98): warning C4244: 'argument': conversion from 'double' to 'float', possible loss of data
pasterx.cpp(717,74): warning C4244: 'argument': conversion from 'double' to 'float', possible loss of data
pasterx.cpp(717,58): warning C4244: 'argument': conversion from 'double' to 'float', possible loss of data
pasterx.cpp(718,118): warning C4244: 'argument': conversion from 'double' to 'float', possible loss of data
pasterx.cpp(718,101): warning C4244: 'argument': conversion from 'double' to 'float', possible loss of data
pasterx.cpp(718,76): warning C4244: 'argument': conversion from 'double' to 'float', possible loss of data
pasterx.cpp(718,59): warning C4244: 'argument': conversion from 'double' to 'float', possible loss of data
pasterx.cpp(801,154): warning C4244: 'argument': conversion from 'double' to 'float', possible loss of data
pasterx.cpp(801,136): warning C4244: 'argument': conversion from 'double' to 'float', possible loss of data
pasterx.cpp(801,118): warning C4244: 'argument': conversion from 'double' to 'float', possible loss of data
pasterx.cpp(801,100): warning C4244: 'argument': conversion from 'double' to 'float', possible loss of data
pasterx.cpp(801,49): warning C4244: 'argument': conversion from 'int' to 'float', possible loss of data
pasterx.cpp(801,46): warning C4244: 'argument': conversion from 'int' to 'float', possible loss of data
pasterx.cpp(806,172): warning C4244: 'argument': conversion from 'double' to 'float', possible loss of data
pasterx.cpp(806,154): warning C4244: 'argument': conversion from 'double' to 'float', possible loss of data
pasterx.cpp(806,136): warning C4244: 'argument': conversion from 'double' to 'float', possible loss of data
pasterx.cpp(806,118): warning C4244: 'argument': conversion from 'double' to 'float', possible loss of data
pasterx.cpp(806,183): warning C4244: 'argument': conversion from 'int' to 'float', possible loss of data
pasterx.cpp(806,66): warning C4244: 'argument': conversion from 'int' to 'float', possible loss of data
pasterx.cpp(806,62): warning C4244: 'argument': conversion from 'int' to 'float', possible loss of data
pasterx.cpp(806,50): warning C4244: 'argument': conversion from 'int' to 'float', possible loss of data
pasterx.cpp(806,46): warning C4244: 'argument': conversion from 'int' to 'float', possible loss of data
pasterx.cpp(811,177): warning C4244: 'argument': conversion from 'double' to 'float', possible loss of data
pasterx.cpp(811,159): warning C4244: 'argument': conversion from 'double' to 'float', possible loss of data
pasterx.cpp(811,141): warning C4244: 'argument': conversion from 'double' to 'float', possible loss of data
pasterx.cpp(811,123): warning C4244: 'argument': conversion from 'double' to 'float', possible loss of data
pasterx.cpp(809,65): warning C4100: 'thickness': unreferenced formal parameter
pasterx.cpp(809,44): warning C4100: 'y2': unreferenced formal parameter
pasterx.cpp(809,36): warning C4100: 'x2': unreferenced formal parameter
pasterx.cpp(809,28): warning C4100: 'y1': unreferenced formal parameter
pasterx.cpp(809,20): warning C4100: 'x1': unreferenced formal parameter
pasterx.cpp(816,212): warning C4244: 'argument': conversion from 'double' to 'float', possible loss of data
pasterx.cpp(816,194): warning C4244: 'argument': conversion from 'double' to 'float', possible loss of data
pasterx.cpp(816,176): warning C4244: 'argument': conversion from 'double' to 'float', possible loss of data
pasterx.cpp(816,158): warning C4244: 'argument': conversion from 'double' to 'float', possible loss of data
pasterx.cpp(814,48): warning C4100: 'H': unreferenced formal parameter
pasterx.cpp(814,39): warning C4100: 'W': unreferenced formal parameter
pasterx.cpp(814,30): warning C4100: 'Y': unreferenced formal parameter
pasterx.cpp(814,21): warning C4100: 'X': unreferenced formal parameter
pasterx.cpp(822,164): warning C4244: 'argument': conversion from 'double' to 'float', possible loss of data
pasterx.cpp(822,146): warning C4244: 'argument': conversion from 'double' to 'float', possible loss of data
pasterx.cpp(822,128): warning C4244: 'argument': conversion from 'double' to 'float', possible loss of data
pasterx.cpp(822,110): warning C4244: 'argument': conversion from 'double' to 'float', possible loss of data
pasterx.cpp(822,55): warning C4244: 'argument': conversion from 'int' to 'float', possible loss of data
pasterx.cpp(822,51): warning C4244: 'argument': conversion from 'int' to 'float', possible loss of data
pasterx.cpp(822,48): warning C4244: 'argument': conversion from 'int' to 'float', possible loss of data
pasterx.cpp(824,56): warning C4459: declaration of 'Col' hides global declaration
C:\Users\Paysonism\Desktop\Updated PasterX by subzerofn\reverse\pasterx.h(412,14): message : see declaration of 'Col'
pasterx.cpp(829,46): warning C4459: declaration of 'h' hides global declaration
C:\Users\Paysonism\Desktop\Updated PasterX by subzerofn\reverse\Print.hpp(13,8): message : see declaration of 'h'
pasterx.cpp(831,75): warning C4244: 'argument': conversion from 'int' to 'float', possible loss of data
pasterx.cpp(831,68): warning C4244: 'argument': conversion from 'int' to 'float', possible loss of data
pasterx.cpp(831,55): warning C4244: 'argument': conversion from 'int' to 'float', possible loss of data
pasterx.cpp(831,52): warning C4244: 'argument': conversion from 'int' to 'float', possible loss of data
pasterx.cpp(833,45): warning C4459: declaration of 'h' hides global declaration
C:\Users\Paysonism\Desktop\Updated PasterX by subzerofn\reverse\Print.hpp(13,8): message : see declaration of 'h'
pasterx.cpp(846,14): warning C4244: 'initializing': conversion from 'int' to 'float', possible loss of data
pasterx.cpp(847,14): warning C4244: 'initializing': conversion from 'int' to 'float', possible loss of data
pasterx.cpp(849,137): warning C4305: 'argument': truncation from 'double' to 'float'
pasterx.cpp(849,126): warning C4305: 'argument': truncation from 'double' to 'float'
pasterx.cpp(849,115): warning C4305: 'argument': truncation from 'double' to 'float'
pasterx.cpp(849,60): warning C4244: 'argument': conversion from 'int' to 'float', possible loss of data
pasterx.cpp(849,49): warning C4244: 'argument': conversion from 'int' to 'float', possible loss of data
pasterx.cpp(849,46): warning C4244: 'argument': conversion from 'int' to 'float', possible loss of data
pasterx.cpp(850,137): warning C4305: 'argument': truncation from 'double' to 'float'
pasterx.cpp(850,126): warning C4305: 'argument': truncation from 'double' to 'float'
pasterx.cpp(850,115): warning C4305: 'argument': truncation from 'double' to 'float'
pasterx.cpp(850,71): warning C4244: 'argument': conversion from 'int' to 'float', possible loss of data
pasterx.cpp(850,49): warning C4244: 'argument': conversion from 'int' to 'float', possible loss of data
pasterx.cpp(850,46): warning C4244: 'argument': conversion from 'int' to 'float', possible loss of data
pasterx.cpp(851,145): warning C4305: 'argument': truncation from 'double' to 'float'
pasterx.cpp(851,134): warning C4305: 'argument': truncation from 'double' to 'float'
pasterx.cpp(851,123): warning C4305: 'argument': truncation from 'double' to 'float'
pasterx.cpp(851,79): warning C4244: 'argument': conversion from 'int' to 'float', possible loss of data
pasterx.cpp(851,74): warning C4244: 'argument': conversion from 'int' to 'float', possible loss of data
pasterx.cpp(851,61): warning C4244: 'argument': conversion from 'int' to 'float', possible loss of data
pasterx.cpp(852,145): warning C4305: 'argument': truncation from 'double' to 'float'
pasterx.cpp(852,134): warning C4305: 'argument': truncation from 'double' to 'float'
pasterx.cpp(852,123): warning C4305: 'argument': truncation from 'double' to 'float'
pasterx.cpp(852,66): warning C4244: 'argument': conversion from 'int' to 'float', possible loss of data
pasterx.cpp(852,53): warning C4244: 'argument': conversion from 'int' to 'float', possible loss of data
pasterx.cpp(852,48): warning C4244: 'argument': conversion from 'int' to 'float', possible loss of data
pasterx.cpp(853,145): warning C4305: 'argument': truncation from 'double' to 'float'
pasterx.cpp(853,134): warning C4305: 'argument': truncation from 'double' to 'float'
pasterx.cpp(853,123): warning C4305: 'argument': truncation from 'double' to 'float'
pasterx.cpp(853,77): warning C4244: 'argument': conversion from 'int' to 'float', possible loss of data
pasterx.cpp(853,72): warning C4244: 'argument': conversion from 'int' to 'float', possible loss of data
pasterx.cpp(853,46): warning C4244: 'argument': conversion from 'int' to 'float', possible loss of data
pasterx.cpp(854,145): warning C4305: 'argument': truncation from 'double' to 'float'
pasterx.cpp(854,134): warning C4305: 'argument': truncation from 'double' to 'float'
pasterx.cpp(854,123): warning C4305: 'argument': truncation from 'double' to 'float'
pasterx.cpp(854,77): warning C4244: 'argument': conversion from 'int' to 'float', possible loss of data
pasterx.cpp(854,51): warning C4244: 'argument': conversion from 'int' to 'float', possible loss of data
pasterx.cpp(854,46): warning C4244: 'argument': conversion from 'int' to 'float', possible loss of data
pasterx.cpp(855,153): warning C4305: 'argument': truncation from 'double' to 'float'
pasterx.cpp(855,142): warning C4305: 'argument': truncation from 'double' to 'float'
pasterx.cpp(855,131): warning C4305: 'argument': truncation from 'double' to 'float'
pasterx.cpp(855,85): warning C4244: 'argument': conversion from 'int' to 'float', possible loss of data
pasterx.cpp(855,78): warning C4244: 'argument': conversion from 'int' to 'float', possible loss of data
pasterx.cpp(855,63): warning C4244: 'argument': conversion from 'int' to 'float', possible loss of data
pasterx.cpp(856,153): warning C4305: 'argument': truncation from 'double' to 'float'
pasterx.cpp(856,142): warning C4305: 'argument': truncation from 'double' to 'float'
pasterx.cpp(856,131): warning C4305: 'argument': truncation from 'double' to 'float'
pasterx.cpp(856,85): warning C4244: 'argument': conversion from 'int' to 'float', possible loss of data
pasterx.cpp(856,78): warning C4244: 'argument': conversion from 'int' to 'float', possible loss of data
pasterx.cpp(856,48): warning C4244: 'argument': conversion from 'int' to 'float', possible loss of data
pasterx.cpp(859,102): warning C4244: 'argument': conversion from 'int' to 'float', possible loss of data
pasterx.cpp(859,60): warning C4244: 'argument': conversion from 'int' to 'float', possible loss of data
pasterx.cpp(859,49): warning C4244: 'argument': conversion from 'int' to 'float', possible loss of data
pasterx.cpp(859,46): warning C4244: 'argument': conversion from 'int' to 'float', possible loss of data
pasterx.cpp(860,102): warning C4244: 'argument': conversion from 'int' to 'float', possible loss of data
pasterx.cpp(860,71): warning C4244: 'argument': conversion from 'int' to 'float', possible loss of data
pasterx.cpp(860,49): warning C4244: 'argument': conversion from 'int' to 'float', possible loss of data
pasterx.cpp(860,46): warning C4244: 'argument': conversion from 'int' to 'float', possible loss of data
pasterx.cpp(861,110): warning C4244: 'argument': conversion from 'int' to 'float', possible loss of data
pasterx.cpp(861,79): warning C4244: 'argument': conversion from 'int' to 'float', possible loss of data
pasterx.cpp(861,74): warning C4244: 'argument': conversion from 'int' to 'float', possible loss of data
pasterx.cpp(861,61): warning C4244: 'argument': conversion from 'int' to 'float', possible loss of data
pasterx.cpp(862,110): warning C4244: 'argument': conversion from 'int' to 'float', possible loss of data
pasterx.cpp(862,66): warning C4244: 'argument': conversion from 'int' to 'float', possible loss of data
pasterx.cpp(862,53): warning C4244: 'argument': conversion from 'int' to 'float', possible loss of data
pasterx.cpp(862,48): warning C4244: 'argument': conversion from 'int' to 'float', possible loss of data
pasterx.cpp(863,110): warning C4244: 'argument': conversion from 'int' to 'float', possible loss of data
pasterx.cpp(863,77): warning C4244: 'argument': conversion from 'int' to 'float', possible loss of data
pasterx.cpp(863,72): warning C4244: 'argument': conversion from 'int' to 'float', possible loss of data
pasterx.cpp(863,46): warning C4244: 'argument': conversion from 'int' to 'float', possible loss of data
pasterx.cpp(864,110): warning C4244: 'argument': conversion from 'int' to 'float', possible loss of data
pasterx.cpp(864,77): warning C4244: 'argument': conversion from 'int' to 'float', possible loss of data
pasterx.cpp(864,51): warning C4244: 'argument': conversion from 'int' to 'float', possible loss of data
pasterx.cpp(864,46): warning C4244: 'argument': conversion from 'int' to 'float', possible loss of data
pasterx.cpp(865,118): warning C4244: 'argument': conversion from 'int' to 'float', possible loss of data
pasterx.cpp(865,85): warning C4244: 'argument': conversion from 'int' to 'float', possible loss of data
pasterx.cpp(865,78): warning C4244: 'argument': conversion from 'int' to 'float', possible loss of data
pasterx.cpp(865,63): warning C4244: 'argument': conversion from 'int' to 'float', possible loss of data
pasterx.cpp(866,118): warning C4244: 'argument': conversion from 'int' to 'float', possible loss of data
pasterx.cpp(866,85): warning C4244: 'argument': conversion from 'int' to 'float', possible loss of data
pasterx.cpp(866,78): warning C4244: 'argument': conversion from 'int' to 'float', possible loss of data
pasterx.cpp(866,48): warning C4244: 'argument': conversion from 'int' to 'float', possible loss of data
pasterx.cpp(869,14): warning C4244: 'initializing': conversion from 'int' to 'float', possible loss of data
pasterx.cpp(870,14): warning C4244: 'initializing': conversion from 'int' to 'float', possible loss of data
pasterx.cpp(873,118): warning C4305: 'argument': truncation from 'double' to 'float'
pasterx.cpp(873,107): warning C4305: 'argument': truncation from 'double' to 'float'
pasterx.cpp(873,96): warning C4305: 'argument': truncation from 'double' to 'float'
pasterx.cpp(873,41): warning C4244: 'argument': conversion from 'int' to 'float', possible loss of data
pasterx.cpp(873,30): warning C4244: 'argument': conversion from 'int' to 'float', possible loss of data
pasterx.cpp(873,27): warning C4244: 'argument': conversion from 'int' to 'float', possible loss of data
pasterx.cpp(874,118): warning C4305: 'argument': truncation from 'double' to 'float'
pasterx.cpp(874,107): warning C4305: 'argument': truncation from 'double' to 'float'
pasterx.cpp(874,96): warning C4305: 'argument': truncation from 'double' to 'float'
pasterx.cpp(874,52): warning C4244: 'argument': conversion from 'int' to 'float', possible loss of data
pasterx.cpp(874,30): warning C4244: 'argument': conversion from 'int' to 'float', possible loss of data
pasterx.cpp(874,27): warning C4244: 'argument': conversion from 'int' to 'float', possible loss of data
pasterx.cpp(875,126): warning C4305: 'argument': truncation from 'double' to 'float'
pasterx.cpp(875,115): warning C4305: 'argument': truncation from 'double' to 'float'
pasterx.cpp(875,104): warning C4305: 'argument': truncation from 'double' to 'float'
pasterx.cpp(875,60): warning C4244: 'argument': conversion from 'int' to 'float', possible loss of data
pasterx.cpp(875,55): warning C4244: 'argument': conversion from 'int' to 'float', possible loss of data
pasterx.cpp(875,42): warning C4244: 'argument': conversion from 'int' to 'float', possible loss of data
pasterx.cpp(876,126): warning C4305: 'argument': truncation from 'double' to 'float'
pasterx.cpp(876,115): warning C4305: 'argument': truncation from 'double' to 'float'
pasterx.cpp(876,104): warning C4305: 'argument': truncation from 'double' to 'float'
pasterx.cpp(876,47): warning C4244: 'argument': conversion from 'int' to 'float', possible loss of data
pasterx.cpp(876,34): warning C4244: 'argument': conversion from 'int' to 'float', possible loss of data
pasterx.cpp(876,29): warning C4244: 'argument': conversion from 'int' to 'float', possible loss of data
pasterx.cpp(877,126): warning C4305: 'argument': truncation from 'double' to 'float'
pasterx.cpp(877,115): warning C4305: 'argument': truncation from 'double' to 'float'
pasterx.cpp(877,104): warning C4305: 'argument': truncation from 'double' to 'float'
pasterx.cpp(877,58): warning C4244: 'argument': conversion from 'int' to 'float', possible loss of data
pasterx.cpp(877,53): warning C4244: 'argument': conversion from 'int' to 'float', possible loss of data
pasterx.cpp(877,27): warning C4244: 'argument': conversion from 'int' to 'float', possible loss of data
pasterx.cpp(878,126): warning C4305: 'argument': truncation from 'double' to 'float'
pasterx.cpp(878,115): warning C4305: 'argument': truncation from 'double' to 'float'
pasterx.cpp(878,104): warning C4305: 'argument': truncation from 'double' to 'float'
pasterx.cpp(878,58): warning C4244: 'argument': conversion from 'int' to 'float', possible loss of data
pasterx.cpp(878,32): warning C4244: 'argument': conversion from 'int' to 'float', possible loss of data
pasterx.cpp(878,27): warning C4244: 'argument': conversion from 'int' to 'float', possible loss of data
pasterx.cpp(879,134): warning C4305: 'argument': truncation from 'double' to 'float'
pasterx.cpp(879,123): warning C4305: 'argument': truncation from 'double' to 'float'
pasterx.cpp(879,112): warning C4305: 'argument': truncation from 'double' to 'float'
pasterx.cpp(879,66): warning C4244: 'argument': conversion from 'int' to 'float', possible loss of data
pasterx.cpp(879,59): warning C4244: 'argument': conversion from 'int' to 'float', possible loss of data
pasterx.cpp(879,44): warning C4244: 'argument': conversion from 'int' to 'float', possible loss of data
pasterx.cpp(880,134): warning C4305: 'argument': truncation from 'double' to 'float'
pasterx.cpp(880,123): warning C4305: 'argument': truncation from 'double' to 'float'
pasterx.cpp(880,112): warning C4305: 'argument': truncation from 'double' to 'float'
pasterx.cpp(880,66): warning C4244: 'argument': conversion from 'int' to 'float', possible loss of data
pasterx.cpp(880,59): warning C4244: 'argument': conversion from 'int' to 'float', possible loss of data
pasterx.cpp(880,29): warning C4244: 'argument': conversion from 'int' to 'float', possible loss of data
pasterx.cpp(883,83): warning C4244: 'argument': conversion from 'int' to 'float', possible loss of data
pasterx.cpp(883,41): warning C4244: 'argument': conversion from 'int' to 'float', possible loss of data
pasterx.cpp(883,30): warning C4244: 'argument': conversion from 'int' to 'float', possible loss of data
pasterx.cpp(883,27): warning C4244: 'argument': conversion from 'int' to 'float', possible loss of data
pasterx.cpp(884,83): warning C4244: 'argument': conversion from 'int' to 'float', possible loss of data
pasterx.cpp(884,52): warning C4244: 'argument': conversion from 'int' to 'float', possible loss of data
pasterx.cpp(884,30): warning C4244: 'argument': conversion from 'int' to 'float', possible loss of data
pasterx.cpp(884,27): warning C4244: 'argument': conversion from 'int' to 'float', possible loss of data
pasterx.cpp(885,91): warning C4244: 'argument': conversion from 'int' to 'float', possible loss of data
pasterx.cpp(885,60): warning C4244: 'argument': conversion from 'int' to 'float', possible loss of data
pasterx.cpp(885,55): warning C4244: 'argument': conversion from 'int' to 'float', possible loss of data
pasterx.cpp(885,42): warning C4244: 'argument': conversion from 'int' to 'float', possible loss of data
pasterx.cpp(886,91): warning C4244: 'argument': conversion from 'int' to 'float', possible loss of data
pasterx.cpp(886,47): warning C4244: 'argument': conversion from 'int' to 'float', possible loss of data
pasterx.cpp(886,34): warning C4244: 'argument': conversion from 'int' to 'float', possible loss of data
pasterx.cpp(886,29): warning C4244: 'argument': conversion from 'int' to 'float', possible loss of data
pasterx.cpp(887,91): warning C4244: 'argument': conversion from 'int' to 'float', possible loss of data
pasterx.cpp(887,58): warning C4244: 'argument': conversion from 'int' to 'float', possible loss of data
pasterx.cpp(887,53): warning C4244: 'argument': conversion from 'int' to 'float', possible loss of data
pasterx.cpp(887,27): warning C4244: 'argument': conversion from 'int' to 'float', possible loss of data
pasterx.cpp(888,91): warning C4244: 'argument': conversion from 'int' to 'float', possible loss of data
pasterx.cpp(888,58): warning C4244: 'argument': conversion from 'int' to 'float', possible loss of data
pasterx.cpp(888,32): warning C4244: 'argument': conversion from 'int' to 'float', possible loss of data
pasterx.cpp(888,27): warning C4244: 'argument': conversion from 'int' to 'float', possible loss of data
pasterx.cpp(889,99): warning C4244: 'argument': conversion from 'int' to 'float', possible loss of data
pasterx.cpp(889,66): warning C4244: 'argument': conversion from 'int' to 'float', possible loss of data
pasterx.cpp(889,59): warning C4244: 'argument': conversion from 'int' to 'float', possible loss of data
pasterx.cpp(889,44): warning C4244: 'argument': conversion from 'int' to 'float', possible loss of data
pasterx.cpp(890,99): warning C4244: 'argument': conversion from 'int' to 'float', possible loss of data
pasterx.cpp(890,66): warning C4244: 'argument': conversion from 'int' to 'float', possible loss of data
pasterx.cpp(890,59): warning C4244: 'argument': conversion from 'int' to 'float', possible loss of data
pasterx.cpp(890,29): warning C4244: 'argument': conversion from 'int' to 'float', possible loss of data
pasterx.cpp(954,25): warning C4100: 'in': unreferenced formal parameter
pasterx.cpp(1207,32): warning C4100: 'argv': unreferenced formal parameter
pasterx.cpp(1207,14): warning C4100: 'argc': unreferenced formal parameter
pasterx.cpp(1213,9): warning C4189: 'hpStdout': local variable is initialized but not referenced
pasterx.cpp(1455,8): warning C4459: declaration of 'ScreenCenterX' hides global declaration
pasterx.cpp(133,7): message : see declaration of 'ScreenCenterX'
pasterx.cpp(1455,22): warning C4244: 'initializing': conversion from 'int' to 'float', possible loss of data
pasterx.cpp(1456,8): warning C4459: declaration of 'ScreenCenterY' hides global declaration
pasterx.cpp(134,7): message : see declaration of 'ScreenCenterY'
pasterx.cpp(1456,22): warning C4244: 'initializing': conversion from 'int' to 'float', possible loss of data
pasterx.cpp(1457,15): warning C4244: 'initializing': conversion from 'float' to 'int', possible loss of data
pasterx.cpp(1599,36): warning C4244: 'argument': conversion from 'double' to 'float', possible loss of data
pasterx.cpp(1599,21): warning C4244: 'argument': conversion from 'double' to 'float', possible loss of data
pasterx.cpp(1634,96): warning C4244: 'argument': conversion from 'double' to 'float', possible loss of data
pasterx.cpp(1634,84): warning C4244: 'argument': conversion from 'double' to 'float', possible loss of data
pasterx.cpp(1634,64): warning C4244: 'argument': conversion from 'double' to 'float', possible loss of data
pasterx.cpp(1634,53): warning C4244: 'argument': conversion from 'double' to 'float', possible loss of data
pasterx.cpp(1635,114): warning C4244: 'argument': conversion from 'double' to 'float', possible loss of data
pasterx.cpp(1635,102): warning C4244: 'argument': conversion from 'double' to 'float', possible loss of data
pasterx.cpp(1635,82): warning C4244: 'argument': conversion from 'double' to 'float', possible loss of data
pasterx.cpp(1635,62): warning C4244: 'argument': conversion from 'double' to 'float', possible loss of data
pasterx.cpp(1636,116): warning C4244: 'argument': conversion from 'double' to 'float', possible loss of data
pasterx.cpp(1636,104): warning C4244: 'argument': conversion from 'double' to 'float', possible loss of data
pasterx.cpp(1636,84): warning C4244: 'argument': conversion from 'double' to 'float', possible loss of data
pasterx.cpp(1636,63): warning C4244: 'argument': conversion from 'double' to 'float', possible loss of data
pasterx.cpp(1637,122): warning C4244: 'argument': conversion from 'double' to 'float', possible loss of data
pasterx.cpp(1637,102): warning C4244: 'argument': conversion from 'double' to 'float', possible loss of data
pasterx.cpp(1637,74): warning C4244: 'argument': conversion from 'double' to 'float', possible loss of data
pasterx.cpp(1637,58): warning C4244: 'argument': conversion from 'double' to 'float', possible loss of data
pasterx.cpp(1638,126): warning C4244: 'argument': conversion from 'double' to 'float', possible loss of data
pasterx.cpp(1638,105): warning C4244: 'argument': conversion from 'double' to 'float', possible loss of data
pasterx.cpp(1638,76): warning C4244: 'argument': conversion from 'double' to 'float', possible loss of data
pasterx.cpp(1638,59): warning C4244: 'argument': conversion from 'double' to 'float', possible loss of data
pasterx.cpp(1639,116): warning C4244: 'argument': conversion from 'double' to 'float', possible loss of data
pasterx.cpp(1639,99): warning C4244: 'argument': conversion from 'double' to 'float', possible loss of data
pasterx.cpp(1639,74): warning C4244: 'argument': conversion from 'double' to 'float', possible loss of data
pasterx.cpp(1639,58): warning C4244: 'argument': conversion from 'double' to 'float', possible loss of data
pasterx.cpp(1640,120): warning C4244: 'argument': conversion from 'double' to 'float', possible loss of data
pasterx.cpp(1640,102): warning C4244: 'argument': conversion from 'double' to 'float', possible loss of data
pasterx.cpp(1640,76): warning C4244: 'argument': conversion from 'double' to 'float', possible loss of data
pasterx.cpp(1640,59): warning C4244: 'argument': conversion from 'double' to 'float', possible loss of data
pasterx.cpp(1641,106): warning C4244: 'argument': conversion from 'double' to 'float', possible loss of data
pasterx.cpp(1641,95): warning C4244: 'argument': conversion from 'double' to 'float', possible loss of data
pasterx.cpp(1641,76): warning C4244: 'argument': conversion from 'double' to 'float', possible loss of data
pasterx.cpp(1641,59): warning C4244: 'argument': conversion from 'double' to 'float', possible loss of data
pasterx.cpp(1642,108): warning C4244: 'argument': conversion from 'double' to 'float', possible loss of data
pasterx.cpp(1642,97): warning C4244: 'argument': conversion from 'double' to 'float', possible loss of data
pasterx.cpp(1642,78): warning C4244: 'argument': conversion from 'double' to 'float', possible loss of data
pasterx.cpp(1642,60): warning C4244: 'argument': conversion from 'double' to 'float', possible loss of data
pasterx.cpp(1643,116): warning C4244: 'argument': conversion from 'double' to 'float', possible loss of data
pasterx.cpp(1643,99): warning C4244: 'argument': conversion from 'double' to 'float', possible loss of data
pasterx.cpp(1643,74): warning C4244: 'argument': conversion from 'double' to 'float', possible loss of data
pasterx.cpp(1643,58): warning C4244: 'argument': conversion from 'double' to 'float', possible loss of data
pasterx.cpp(1644,120): warning C4244: 'argument': conversion from 'double' to 'float', possible loss of data
pasterx.cpp(1644,102): warning C4244: 'argument': conversion from 'double' to 'float', possible loss of data
pasterx.cpp(1644,76): warning C4244: 'argument': conversion from 'double' to 'float', possible loss of data
pasterx.cpp(1644,59): warning C4244: 'argument': conversion from 'double' to 'float', possible loss of data
pasterx.cpp(1645,114): warning C4244: 'argument': conversion from 'double' to 'float', possible loss of data
pasterx.cpp(1645,98): warning C4244: 'argument': conversion from 'double' to 'float', possible loss of data
pasterx.cpp(1645,74): warning C4244: 'argument': conversion from 'double' to 'float', possible loss of data
pasterx.cpp(1645,58): warning C4244: 'argument': conversion from 'double' to 'float', possible loss of data
pasterx.cpp(1646,118): warning C4244: 'argument': conversion from 'double' to 'float', possible loss of data
pasterx.cpp(1646,101): warning C4244: 'argument': conversion from 'double' to 'float', possible loss of data
pasterx.cpp(1646,76): warning C4244: 'argument': conversion from 'double' to 'float', possible loss of data
pasterx.cpp(1646,59): warning C4244: 'argument': conversion from 'double' to 'float', possible loss of data
pasterx.cpp(1650,170): warning C4244: 'argument': conversion from 'double' to 'float', possible loss of data
pasterx.cpp(1650,152): warning C4244: 'argument': conversion from 'double' to 'float', possible loss of data
pasterx.cpp(1650,134): warning C4244: 'argument': conversion from 'double' to 'float', possible loss of data
pasterx.cpp(1650,116): warning C4244: 'argument': conversion from 'double' to 'float', possible loss of data
pasterx.cpp(1650,61): warning C4244: 'argument': conversion from 'int' to 'float', possible loss of data
pasterx.cpp(1650,57): warning C4244: 'argument': conversion from 'int' to 'float', possible loss of data
pasterx.cpp(1650,54): warning C4244: 'argument': conversion from 'int' to 'float', possible loss of data
pasterx.cpp(1661,53): warning C4244: 'argument': conversion from 'int' to 'float', possible loss of data
pasterx.cpp(1661,48): warning C4244: 'argument': conversion from 'int' to 'float', possible loss of data
pasterx.cpp(1662,53): warning C4244: 'argument': conversion from 'int' to 'float', possible loss of data
pasterx.cpp(1662,48): warning C4244: 'argument': conversion from 'int' to 'float', possible loss of data
pasterx.cpp(1663,51): warning C4244: 'argument': conversion from 'int' to 'float', possible loss of data
pasterx.cpp(1663,46): warning C4244: 'argument': conversion from 'int' to 'float', possible loss of data
pasterx.cpp(1664,51): warning C4244: 'argument': conversion from 'int' to 'float', possible loss of data
pasterx.cpp(1664,46): warning C4244: 'argument': conversion from 'int' to 'float', possible loss of data
pasterx.cpp(1665,49): warning C4244: 'argument': conversion from 'int' to 'float', possible loss of data
pasterx.cpp(1665,46): warning C4244: 'argument': conversion from 'int' to 'float', possible loss of data
pasterx.cpp(1669,36): warning C4838: conversion from 'ImColor' to 'float' requires a narrowing conversion
pasterx.cpp(1669,36): warning C4244: 'initializing': conversion from 'ImU32' to 'float', possible loss of data
pasterx.cpp(1670,36): warning C4838: conversion from 'ImColor' to 'float' requires a narrowing conversion
pasterx.cpp(1670,36): warning C4244: 'initializing': conversion from 'ImU32' to 'float', possible loss of data
pasterx.cpp(1678,8): warning C4459: declaration of 'fovcircle' hides global declaration
pasterx.cpp(58,6): message : see declaration of 'fovcircle'
pasterx.cpp(1679,9): warning C4459: declaration of 'fovcirclefilled' hides global declaration
pasterx.cpp(93,6): message : see declaration of 'fovcirclefilled'
pasterx.cpp(1682,124): warning C4244: 'argument': conversion from 'float' to 'int', possible loss of data
pasterx.cpp(1682,64): warning C4244: 'argument': conversion from 'DWORD' to 'float', possible loss of data
pasterx.cpp(1682,49): warning C4244: 'argument': conversion from 'DWORD' to 'float', possible loss of data
pasterx.cpp(1683,8): warning C4459: declaration of 'square_fov' hides global declaration
pasterx.cpp(73,6): message : see declaration of 'square_fov'
pasterx.cpp(1684,8): warning C4459: declaration of 'fovcircle' hides global declaration
pasterx.cpp(58,6): message : see declaration of 'fovcircle'
pasterx.cpp(1685,9): warning C4459: declaration of 'fovcirclefilled' hides global declaration
pasterx.cpp(93,6): message : see declaration of 'fovcirclefilled'
pasterx.cpp(1688,124): warning C4244: 'argument': conversion from 'float' to 'int', possible loss of data
pasterx.cpp(1688,64): warning C4244: 'argument': conversion from 'DWORD' to 'float', possible loss of data
pasterx.cpp(1688,49): warning C4244: 'argument': conversion from 'DWORD' to 'float', possible loss of data
pasterx.cpp(1747,10): warning C4553: '==': result of expression not used; did you intend '='?
pasterx.cpp(1759,10): warning C4553: '==': result of expression not used; did you intend '='?
pasterx.cpp(1763,10): warning C4553: '==': result of expression not used; did you intend '='?
pasterx.cpp(1767,10): warning C4553: '==': result of expression not used; did you intend '='?
pasterx.cpp(1771,10): warning C4553: '==': result of expression not used; did you intend '='?
pasterx.cpp(1775,10): warning C4553: '==': result of expression not used; did you intend '='?
pasterx.cpp(1779,10): warning C4553: '==': result of expression not used; did you intend '='?
pasterx.cpp(1783,10): warning C4553: '==': result of expression not used; did you intend '='?
pasterx.cpp(1787,10): warning C4553: '==': result of expression not used; did you intend '='?
pasterx.cpp(1791,10): warning C4553: '==': result of expression not used; did you intend '='?
pasterx.cpp(1795,10): warning C4553: '==': result of expression not used; did you intend '='?
pasterx.cpp(1799,10): warning C4553: '==': result of expression not used; did you intend '='?
pasterx.cpp(1803,10): warning C4553: '==': result of expression not used; did you intend '='?
pasterx.cpp(1807,10): warning C4553: '==': result of expression not used; did you intend '='?
pasterx.cpp(1811,10): warning C4553: '==': result of expression not used; did you intend '='?
pasterx.cpp(1815,10): warning C4553: '==': result of expression not used; did you intend '='?
pasterx.cpp(1819,10): warning C4553: '==': result of expression not used; did you intend '='?
pasterx.cpp(1823,10): warning C4553: '==': result of expression not used; did you intend '='?
pasterx.cpp(1827,10): warning C4553: '==': result of expression not used; did you intend '='?
pasterx.cpp(1831,10): warning C4553: '==': result of expression not used; did you intend '='?
pasterx.cpp(1835,10): warning C4553: '==': result of expression not used; did you intend '='?
pasterx.cpp(1839,10): warning C4553: '==': result of expression not used; did you intend '='?
pasterx.cpp(1843,10): warning C4553: '==': result of expression not used; did you intend '='?
pasterx.cpp(1847,10): warning C4553: '==': result of expression not used; did you intend '='?
pasterx.cpp(1851,10): warning C4553: '==': result of expression not used; did you intend '='?
pasterx.cpp(1855,10): warning C4553: '==': result of expression not used; did you intend '='?
pasterx.cpp(1859,10): warning C4553: '==': result of expression not used; did you intend '='?
pasterx.cpp(1863,10): warning C4553: '==': result of expression not used; did you intend '='?
pasterx.cpp(1867,10): warning C4553: '==': result of expression not used; did you intend '='?
pasterx.cpp(1871,10): warning C4553: '==': result of expression not used; did you intend '='?
pasterx.cpp(1875,10): warning C4553: '==': result of expression not used; did you intend '='?
pasterx.cpp(1879,10): warning C4553: '==': result of expression not used; did you intend '='?
pasterx.cpp(1883,10): warning C4553: '==': result of expression not used; did you intend '='?
pasterx.cpp(1887,10): warning C4553: '==': result of expression not used; did you intend '='?
pasterx.cpp(1891,10): warning C4553: '==': result of expression not used; did you intend '='?
pasterx.cpp(1895,10): warning C4553: '==': result of expression not used; did you intend '='?
pasterx.cpp(1899,10): warning C4553: '==': result of expression not used; did you intend '='?
pasterx.cpp(1903,10): warning C4553: '==': result of expression not used; did you intend '='?
pasterx.cpp(1907,10): warning C4553: '==': result of expression not used; did you intend '='?
pasterx.cpp(1911,10): warning C4553: '==': result of expression not used; did you intend '='?
pasterx.cpp(1915,10): warning C4553: '==': result of expression not used; did you intend '='?
pasterx.cpp(1919,10): warning C4553: '==': result of expression not used; did you intend '='?
pasterx.cpp(1923,10): warning C4553: '==': result of expression not used; did you intend '='?
pasterx.cpp(1927,10): warning C4553: '==': result of expression not used; did you intend '='?
pasterx.cpp(1931,10): warning C4553: '==': result of expression not used; did you intend '='?
pasterx.cpp(1935,10): warning C4553: '==': result of expression not used; did you intend '='?
pasterx.cpp(1939,10): warning C4553: '==': result of expression not used; did you intend '='?
pasterx.cpp(1943,10): warning C4553: '==': result of expression not used; did you intend '='?
pasterx.cpp(1947,10): warning C4553: '==': result of expression not used; did you intend '='?
pasterx.cpp(1951,10): warning C4553: '==': result of expression not used; did you intend '='?
pasterx.cpp(1955,10): warning C4553: '==': result of expression not used; did you intend '='?
pasterx.cpp(1959,10): warning C4553: '==': result of expression not used; did you intend '='?
pasterx.cpp(1974,12): warning C4459: declaration of 'PlayerCameraManager' hides global declaration
pasterx.cpp(125,11): message : see declaration of 'PlayerCameraManager'
pasterx.cpp(1991,25): warning C4018: '<': signed/unsigned mismatch
pasterx.cpp(2026,8): warning C4456: declaration of 'entityListCopy' hides previous local declaration
pasterx.cpp(1963,7): message : see declaration of 'entityListCopy'
pasterx.cpp(2051,82): warning C4244: 'argument': conversion from 'double' to 'float', possible loss of data
pasterx.cpp(2051,68): warning C4244: 'argument': conversion from 'double' to 'float', possible loss of data
pasterx.cpp(2051,57): warning C4244: 'argument': conversion from 'double' to 'float', possible loss of data
pasterx.cpp(2052,81): warning C4244: 'argument': conversion from 'double' to 'float', possible loss of data
pasterx.cpp(2052,70): warning C4244: 'argument': conversion from 'double' to 'float', possible loss of data
pasterx.cpp(2052,59): warning C4244: 'argument': conversion from 'double' to 'float', possible loss of data
pasterx.cpp(2053,81): warning C4244: 'argument': conversion from 'double' to 'float', possible loss of data
pasterx.cpp(2053,70): warning C4244: 'argument': conversion from 'double' to 'float', possible loss of data
pasterx.cpp(2053,59): warning C4244: 'argument': conversion from 'double' to 'float', possible loss of data
pasterx.cpp(2071,22): warning C4244: 'initializing': conversion from 'double' to 'float', possible loss of data
pasterx.cpp(2084,16): warning C4244: 'initializing': conversion from 'double' to 'float', possible loss of data
pasterx.cpp(2085,15): warning C4459: declaration of 'faken_rot' hides global declaration
pasterx.cpp(42,5): message : see declaration of 'faken_rot'
pasterx.cpp(2089,8): warning C4456: declaration of 'i' hides previous local declaration
pasterx.cpp(1991,16): message : see declaration of 'i'
pasterx.cpp(2093,51): warning C4244: 'argument': conversion from 'int' to 'float', possible loss of data
pasterx.cpp(2093,19): warning C4244: 'argument': conversion from 'float' to '_Ty', possible loss of data
          with
          [
              _Ty=int
          ]
pasterx.cpp(2094,51): warning C4244: 'argument': conversion from 'int' to 'float', possible loss of data
pasterx.cpp(2094,19): warning C4244: 'argument': conversion from 'float' to '_Ty', possible loss of data
          with
          [
              _Ty=int
          ]
pasterx.cpp(2095,34): warning C4244: 'argument': conversion from 'float' to '_Ty', possible loss of data
          with
          [
              _Ty=int
          ]
pasterx.cpp(2096,34): warning C4244: 'argument': conversion from 'float' to '_Ty', possible loss of data
          with
          [
              _Ty=int
          ]
pasterx.cpp(2099,37): warning C4244: 'argument': conversion from 'double' to 'float', possible loss of data
pasterx.cpp(2102,40): warning C4244: 'argument': conversion from 'LONG' to 'float', possible loss of data
pasterx.cpp(2102,30): warning C4244: 'argument': conversion from 'LONG' to 'float', possible loss of data
pasterx.cpp(2103,50): warning C4244: 'argument': conversion from 'LONG' to 'float', possible loss of data
pasterx.cpp(2103,33): warning C4244: 'argument': conversion from 'LONG' to 'float', possible loss of data
pasterx.cpp(2104,50): warning C4244: 'argument': conversion from 'LONG' to 'float', possible loss of data
pasterx.cpp(2104,33): warning C4244: 'argument': conversion from 'LONG' to 'float', possible loss of data
pasterx.cpp(2119,57): warning C4244: 'argument': conversion from 'int' to 'float', possible loss of data
pasterx.cpp(2137,56): warning C4305: 'argument': truncation from 'double' to 'T'
          with
          [
              T=float
          ]
pasterx.cpp(2183,28): warning C4244: 'initializing': conversion from 'T' to 'uintptr_t', possible loss of data
          with
          [
              T=float
          ]
pasterx.cpp(2206,15): warning C4456: declaration of 'CurrentVehicle' hides previous local declaration
pasterx.cpp(1984,11): message : see declaration of 'CurrentVehicle'
pasterx.cpp(2243,14): warning C4456: declaration of 'PlayerCameraManager' hides previous local declaration
pasterx.cpp(1974,12): message : see declaration of 'PlayerCameraManager'
pasterx.cpp(2259,113): warning C4244: 'argument': conversion from 'double' to 'int', possible loss of data
pasterx.cpp(2259,69): warning C4244: 'argument': conversion from 'float' to 'int', possible loss of data
pasterx.cpp(2259,56): warning C4244: 'argument': conversion from 'float' to 'int', possible loss of data
pasterx.cpp(2259,52): warning C4244: 'argument': conversion from 'double' to 'int', possible loss of data
pasterx.cpp(2259,24): warning C4244: 'argument': conversion from 'double' to 'int', possible loss of data
pasterx.cpp(2315,75): warning C4244: 'argument': conversion from 'double' to 'int', possible loss of data
pasterx.cpp(2315,60): warning C4244: 'argument': conversion from 'double' to 'int', possible loss of data
pasterx.cpp(2315,47): warning C4244: 'argument': conversion from 'double' to 'int', possible loss of data
pasterx.cpp(2321,69): warning C4244: 'argument': conversion from 'double' to 'int', possible loss of data
pasterx.cpp(2321,53): warning C4244: 'argument': conversion from 'double' to 'int', possible loss of data
pasterx.cpp(2321,40): warning C4244: 'argument': conversion from 'double' to 'int', possible loss of data
pasterx.cpp(2324,67): warning C4244: 'argument': conversion from 'double' to 'int', possible loss of data
pasterx.cpp(2324,53): warning C4244: 'argument': conversion from 'double' to 'int', possible loss of data
pasterx.cpp(2324,40): warning C4244: 'argument': conversion from 'double' to 'int', possible loss of data
pasterx.cpp(2330,122): warning C4244: 'argument': conversion from 'double' to 'int', possible loss of data
pasterx.cpp(2330,81): warning C4244: 'argument': conversion from 'float' to 'int', possible loss of data
pasterx.cpp(2330,68): warning C4244: 'argument': conversion from 'float' to 'int', possible loss of data
pasterx.cpp(2330,64): warning C4244: 'argument': conversion from 'double' to 'int', possible loss of data
pasterx.cpp(2330,34): warning C4244: 'argument': conversion from 'double' to 'int', possible loss of data
pasterx.cpp(2331,80): warning C4244: 'argument': conversion from 'float' to 'int', possible loss of data
pasterx.cpp(2331,67): warning C4244: 'argument': conversion from 'float' to 'int', possible loss of data
pasterx.cpp(2331,63): warning C4244: 'argument': conversion from 'double' to 'int', possible loss of data
pasterx.cpp(2331,33): warning C4244: 'argument': conversion from 'double' to 'int', possible loss of data
pasterx.cpp(2341,66): warning C4244: 'argument': conversion from 'double' to 'float', possible loss of data
pasterx.cpp(2341,52): warning C4244: 'argument': conversion from 'double' to 'float', possible loss of data
pasterx.cpp(2349,66): warning C4244: 'argument': conversion from 'double' to 'int', possible loss of data
pasterx.cpp(2349,50): warning C4244: 'argument': conversion from 'double' to 'int', possible loss of data
pasterx.cpp(2349,40): warning C4244: 'argument': conversion from 'double' to 'int', possible loss of data
pasterx.cpp(2356,29): warning C4244: 'argument': conversion from 'double' to 'float', possible loss of data
pasterx.cpp(2380,101): warning C4244: 'argument': conversion from 'int' to 'float', possible loss of data
pasterx.cpp(2380,88): warning C4244: 'argument': conversion from 'int' to 'float', possible loss of data
pasterx.cpp(2380,65): warning C4244: 'argument': conversion from 'int' to 'float', possible loss of data
pasterx.cpp(2380,53): warning C4244: 'argument': conversion from 'int' to 'float', possible loss of data
pasterx.cpp(2381,101): warning C4244: 'argument': conversion from 'int' to 'float', possible loss of data
pasterx.cpp(2381,88): warning C4244: 'argument': conversion from 'int' to 'float', possible loss of data
pasterx.cpp(2381,65): warning C4244: 'argument': conversion from 'int' to 'float', possible loss of data
pasterx.cpp(2381,53): warning C4244: 'argument': conversion from 'int' to 'float', possible loss of data
pasterx.cpp(2382,100): warning C4244: 'argument': conversion from 'int' to 'float', possible loss of data
pasterx.cpp(2382,84): warning C4244: 'argument': conversion from 'int' to 'float', possible loss of data
pasterx.cpp(2382,65): warning C4244: 'argument': conversion from 'int' to 'float', possible loss of data
pasterx.cpp(2382,53): warning C4244: 'argument': conversion from 'int' to 'float', possible loss of data
pasterx.cpp(2383,100): warning C4244: 'argument': conversion from 'int' to 'float', possible loss of data
pasterx.cpp(2383,84): warning C4244: 'argument': conversion from 'int' to 'float', possible loss of data
pasterx.cpp(2383,65): warning C4244: 'argument': conversion from 'int' to 'float', possible loss of data
pasterx.cpp(2383,53): warning C4244: 'argument': conversion from 'int' to 'float', possible loss of data
pasterx.cpp(1979,8): warning C4189: 'ActorCount': local variable is initialized but not referenced
pasterx.cpp(1978,12): warning C4189: 'Crrneytwep': local variable is initialized but not referenced
pasterx.cpp(1972,12): warning C4189: 'pcmc': local variable is initialized but not referenced
pasterx.cpp(1984,11): warning C4189: 'CurrentVehicle': local variable is initialized but not referenced
pasterx.cpp(1980,12): warning C4189: 'AOFFSETS': local variable is initialized but not referenced
pasterx.cpp(1679,9): warning C4189: 'fovcirclefilled': local variable is initialized but not referenced
pasterx.cpp(1678,8): warning C4189: 'fovcircle': local variable is initialized but not referenced
pasterx.cpp(1685,9): warning C4189: 'fovcirclefilled': local variable is initialized but not referenced
pasterx.cpp(1684,8): warning C4189: 'fovcircle': local variable is initialized but not referenced
pasterx.cpp(1683,8): warning C4189: 'square_fov': local variable is initialized but not referenced
pasterx.cpp(2021,7): warning C4189: 'MyTeamId': local variable is initialized but not referenced
pasterx.cpp(2064,7): warning C4189: 'center_y': local variable is initialized but not referenced
pasterx.cpp(2060,9): warning C4189: 'LeftX': local variable is initialized but not referenced
pasterx.cpp(2061,9): warning C4189: 'LeftY': local variable is initialized but not referenced
pasterx.cpp(2063,7): warning C4189: 'center_x': local variable is initialized but not referenced
pasterx.cpp(2023,7): warning C4189: 'ActorTeamId': local variable is initialized but not referenced
pasterx.cpp(2016,7): warning C4101: 'NewPlayerLocationY': unreferenced local variable
pasterx.cpp(2024,8): warning C4189: 'isDBNO': local variable is initialized but not referenced
pasterx.cpp(2015,7): warning C4101: 'NewPlayerLocationX': unreferenced local variable
pasterx.cpp(2076,18): warning C4101: 'jbjfdbdsf': unreferenced local variable
pasterx.cpp(2076,8): warning C4101: 'oodofdfo': unreferenced local variable
pasterx.cpp(2242,8): warning C4189: 'FOVVALUE': local variable is initialized but not referenced
pasterx.cpp(2556,23): warning C4244: '=': conversion from 'LONG' to 'float', possible loss of data
pasterx.cpp(2557,23): warning C4244: '=': conversion from 'LONG' to 'float', possible loss of data
pasterx.cpp(2589,42): warning C4459: declaration of 'Message' hides global declaration
pasterx.cpp(2515,5): message : see declaration of 'Message'
C:\Users\Paysonism\Desktop\Updated PasterX by subzerofn\reverse\xor.hpp(224,33): warning C4244: '=': conversion from 'int' to 'char', possible loss of data
C:\Users\Paysonism\Desktop\Updated PasterX by subzerofn\reverse\xor.hpp(222,11): message : while compiling class template member function 'char *CXorString<IndexList<0,1,2,3,4,5>>::decrypt(void)'
pasterx.cpp(2424,19): message : see the first reference to 'CXorString<IndexList<0,1,2,3,4,5>>::decrypt' in 'render'
pasterx.cpp(2403,3): message : see reference to class template instantiation 'CXorString<IndexList<0,1,2,3,4,5>>' being compiled
C:\Users\Paysonism\Desktop\Updated PasterX by subzerofn\reverse\ud.h(68,24): warning C4505: 'MouseController::Move_Mouse': unreferenced function with internal linkage has been removed
C:\Users\Paysonism\Desktop\Updated PasterX by subzerofn\reverse\Print.hpp(161,20): warning C4505: 'string_to_timet': unreferenced function with internal linkage has been removed
C:\Users\Paysonism\Desktop\Updated PasterX by subzerofn\reverse\Print.hpp(168,16): warning C4505: 'timet_to_tm': unreferenced function with internal linkage has been removed
pasterx.cpp(1648,13): warning C4505: 'DrawCircleFilled': unreferenced function with internal linkage has been removed
C:\Users\Paysonism\Desktop\Updated PasterX by subzerofn\reverse\pasterx.cpp(811): warning C4723: potential divide by 0
C:\Users\Paysonism\Desktop\Updated PasterX by subzerofn\reverse\pasterx.cpp(811): warning C4723: potential divide by 0
C:\Users\Paysonism\Desktop\Updated PasterX by subzerofn\reverse\pasterx.cpp(2003): warning C4702: unreachable code
C:\Users\Paysonism\Desktop\Updated PasterX by subzerofn\reverse\driver.h(27): warning C4706: assignment within conditional expression
  LINK : /LTCG specified but no code generation required; remove /LTCG from the link command line to improve linker performance
  reverse.vcxproj -> C:\Users\Paysonism\Desktop\Updated PasterX by subzerofn\reverse\build\pasterx updated - subzerofn.exe
